(spike) core   0: 0x0000000000001000 (0x00000297) auipc   t0, 0x0
core   0: 3 0x0000000000001000 (0x00000297) x5  0x0000000000001000
(spike) core   0: 0x0000000000001004 (0x02028593) addi    a1, t0, 32
core   0: 3 0x0000000000001004 (0x02028593) x11 0x0000000000001020
(spike) core   0: 0x0000000000001008 (0xf1402573) csrr    a0, mhartid
core   0: 3 0x0000000000001008 (0xf1402573) x10 0x0000000000000000
(spike) core   0: 0x000000000000100c (0x0182b283) ld      t0, 24(t0)
core   0: 3 0x000000000000100c (0x0182b283) x5  0x0000000080000000 mem 0x0000000000001018
(spike) core   0: 0x0000000000001010 (0x00028067) jr      t0
core   0: 3 0x0000000000001010 (0x00028067)
(spike) core   0: >>>>  _start
core   0: 0x0000000080000000 (0x00004081) c.li    ra, 0
core   0: 3 0x0000000080000000 (0x4081) x1  0x0000000000000000
(spike) core   0: 0x0000000080000002 (0x00004101) c.li    sp, 0
core   0: 3 0x0000000080000002 (0x4101) x2  0x0000000000000000
(spike) core   0: 0x0000000080000004 (0x00004181) c.li    gp, 0
core   0: 3 0x0000000080000004 (0x4181) x3  0x0000000000000000
(spike) core   0: 0x0000000080000006 (0x00004201) c.li    tp, 0
core   0: 3 0x0000000080000006 (0x4201) x4  0x0000000000000000
(spike) core   0: 0x0000000080000008 (0x00004281) c.li    t0, 0
core   0: 3 0x0000000080000008 (0x4281) x5  0x0000000000000000
(spike) core   0: 0x000000008000000a (0x00004301) c.li    t1, 0
core   0: 3 0x000000008000000a (0x4301) x6  0x0000000000000000
(spike) core   0: 0x000000008000000c (0x00004381) c.li    t2, 0
core   0: 3 0x000000008000000c (0x4381) x7  0x0000000000000000
(spike) core   0: 0x000000008000000e (0x00004401) c.li    s0, 0
core   0: 3 0x000000008000000e (0x4401) x8  0x0000000000000000
(spike) core   0: 0x0000000080000010 (0x00004481) c.li    s1, 0
core   0: 3 0x0000000080000010 (0x4481) x9  0x0000000000000000
(spike) core   0: 0x0000000080000012 (0x00004501) c.li    a0, 0
core   0: 3 0x0000000080000012 (0x4501) x10 0x0000000000000000
(spike) core   0: 0x0000000080000014 (0x00004581) c.li    a1, 0
core   0: 3 0x0000000080000014 (0x4581) x11 0x0000000000000000
(spike) core   0: 0x0000000080000016 (0x00004601) c.li    a2, 0
core   0: 3 0x0000000080000016 (0x4601) x12 0x0000000000000000
(spike) core   0: 0x0000000080000018 (0x00004681) c.li    a3, 0
core   0: 3 0x0000000080000018 (0x4681) x13 0x0000000000000000
(spike) core   0: 0x000000008000001a (0x00004701) c.li    a4, 0
core   0: 3 0x000000008000001a (0x4701) x14 0x0000000000000000
(spike) core   0: 0x000000008000001c (0x00004781) c.li    a5, 0
core   0: 3 0x000000008000001c (0x4781) x15 0x0000000000000000
(spike) core   0: 0x000000008000001e (0x00004801) c.li    a6, 0
core   0: 3 0x000000008000001e (0x4801) x16 0x0000000000000000
(spike) core   0: 0x0000000080000020 (0x00004881) c.li    a7, 0
core   0: 3 0x0000000080000020 (0x4881) x17 0x0000000000000000
(spike) core   0: 0x0000000080000022 (0x00004901) c.li    s2, 0
core   0: 3 0x0000000080000022 (0x4901) x18 0x0000000000000000
(spike) core   0: 0x0000000080000024 (0x00004981) c.li    s3, 0
core   0: 3 0x0000000080000024 (0x4981) x19 0x0000000000000000
(spike) core   0: 0x0000000080000026 (0x00004a01) c.li    s4, 0
core   0: 3 0x0000000080000026 (0x4a01) x20 0x0000000000000000
(spike) core   0: 0x0000000080000028 (0x00004a81) c.li    s5, 0
core   0: 3 0x0000000080000028 (0x4a81) x21 0x0000000000000000
(spike) core   0: 0x000000008000002a (0x00004b01) c.li    s6, 0
core   0: 3 0x000000008000002a (0x4b01) x22 0x0000000000000000
(spike) core   0: 0x000000008000002c (0x00004b81) c.li    s7, 0
core   0: 3 0x000000008000002c (0x4b81) x23 0x0000000000000000
(spike) core   0: 0x000000008000002e (0x00004c01) c.li    s8, 0
core   0: 3 0x000000008000002e (0x4c01) x24 0x0000000000000000
(spike) core   0: 0x0000000080000030 (0x00004c81) c.li    s9, 0
core   0: 3 0x0000000080000030 (0x4c81) x25 0x0000000000000000
(spike) core   0: 0x0000000080000032 (0x00004d01) c.li    s10, 0
core   0: 3 0x0000000080000032 (0x4d01) x26 0x0000000000000000
(spike) core   0: 0x0000000080000034 (0x00004d81) c.li    s11, 0
core   0: 3 0x0000000080000034 (0x4d81) x27 0x0000000000000000
(spike) core   0: 0x0000000080000036 (0x00004e01) c.li    t3, 0
core   0: 3 0x0000000080000036 (0x4e01) x28 0x0000000000000000
(spike) core   0: 0x0000000080000038 (0x00004e81) c.li    t4, 0
core   0: 3 0x0000000080000038 (0x4e81) x29 0x0000000000000000
(spike) core   0: 0x000000008000003a (0x00004f01) c.li    t5, 0
core   0: 3 0x000000008000003a (0x4f01) x30 0x0000000000000000
(spike) core   0: 0x000000008000003c (0x00004f81) c.li    t6, 0
core   0: 3 0x000000008000003c (0x4f81) x31 0x0000000000000000
(spike) core   0: 0x000000008000003e (0x000062f9) c.lui   t0, 0x1e
core   0: 3 0x000000008000003e (0x62f9) x5  0x000000000001e000
(spike) core   0: 0x0000000080000040 (0x60028293) addi    t0, t0, 1536
core   0: 3 0x0000000080000040 (0x60028293) x5  0x000000000001e600
(spike) core   0: 0x0000000080000044 (0x3002a073) csrs    mstatus, t0
core   0: 3 0x0000000080000044 (0x3002a073) c768_mstatus 0x8000000a00006600
(spike) core   0: 0x0000000080000048 (0x00004285) c.li    t0, 1
core   0: 3 0x0000000080000048 (0x4285) x5  0x0000000000000001
(spike) core   0: 0x000000008000004a (0x000002fe) c.slli  t0, 31
core   0: 3 0x000000008000004a (0x02fe) x5  0x0000000080000000
(spike) core   0: 0x000000008000004c (0x0002d863) bgez    t0, pc + 16
core   0: 3 0x000000008000004c (0x0002d863)
(spike) core   0: 0x000000008000005c (0x00000297) auipc   t0, 0x0
core   0: 3 0x000000008000005c (0x00000297) x5  0x000000008000005c
(spike) core   0: 0x0000000080000060 (0x09028293) addi    t0, t0, 144
core   0: 3 0x0000000080000060 (0x09028293) x5  0x00000000800000ec
(spike) core   0: 0x0000000080000064 (0x30529073) csrw    mtvec, t0
core   0: 3 0x0000000080000064 (0x30529073) c773_mtvec 0x00000000800000ec
(spike) core   0: 0x0000000080000068 (0x00301073) csrw    fcsr, zero
core   0: 3 0x0000000080000068 (0x00301073) c1_fflags 0x0000000000000000 c2_frm 0x0000000000000000
(spike) core   0: 0x000000008000006c (0xf0000053) fmv.w.x ft0, zero
core   0: 3 0x000000008000006c (0xf0000053) f0  0xffffffff00000000
(spike) core   0: 0x0000000080000070 (0xf00000d3) fmv.w.x ft1, zero
core   0: 3 0x0000000080000070 (0xf00000d3) f1  0xffffffff00000000
(spike) core   0: 0x0000000080000074 (0xf0000153) fmv.w.x ft2, zero
core   0: 3 0x0000000080000074 (0xf0000153) f2  0xffffffff00000000
(spike) core   0: 0x0000000080000078 (0xf00001d3) fmv.w.x ft3, zero
core   0: 3 0x0000000080000078 (0xf00001d3) f3  0xffffffff00000000
(spike) core   0: 0x000000008000007c (0xf0000253) fmv.w.x ft4, zero
core   0: 3 0x000000008000007c (0xf0000253) f4  0xffffffff00000000
(spike) core   0: 0x0000000080000080 (0xf00002d3) fmv.w.x ft5, zero
core   0: 3 0x0000000080000080 (0xf00002d3) f5  0xffffffff00000000
(spike) core   0: 0x0000000080000084 (0xf0000353) fmv.w.x ft6, zero
core   0: 3 0x0000000080000084 (0xf0000353) f6  0xffffffff00000000
(spike) core   0: 0x0000000080000088 (0xf00003d3) fmv.w.x ft7, zero
core   0: 3 0x0000000080000088 (0xf00003d3) f7  0xffffffff00000000
(spike) core   0: 0x000000008000008c (0xf0000453) fmv.w.x fs0, zero
core   0: 3 0x000000008000008c (0xf0000453) f8  0xffffffff00000000
(spike) core   0: 0x0000000080000090 (0xf00004d3) fmv.w.x fs1, zero
core   0: 3 0x0000000080000090 (0xf00004d3) f9  0xffffffff00000000
(spike) core   0: 0x0000000080000094 (0xf0000553) fmv.w.x fa0, zero
core   0: 3 0x0000000080000094 (0xf0000553) f10 0xffffffff00000000
(spike) core   0: 0x0000000080000098 (0xf00005d3) fmv.w.x fa1, zero
core   0: 3 0x0000000080000098 (0xf00005d3) f11 0xffffffff00000000
(spike) core   0: 0x000000008000009c (0xf0000653) fmv.w.x fa2, zero
core   0: 3 0x000000008000009c (0xf0000653) f12 0xffffffff00000000
(spike) core   0: 0x00000000800000a0 (0xf00006d3) fmv.w.x fa3, zero
core   0: 3 0x00000000800000a0 (0xf00006d3) f13 0xffffffff00000000
(spike) core   0: 0x00000000800000a4 (0xf0000753) fmv.w.x fa4, zero
core   0: 3 0x00000000800000a4 (0xf0000753) f14 0xffffffff00000000
(spike) core   0: 0x00000000800000a8 (0xf00007d3) fmv.w.x fa5, zero
core   0: 3 0x00000000800000a8 (0xf00007d3) f15 0xffffffff00000000
(spike) core   0: 0x00000000800000ac (0xf0000853) fmv.w.x fa6, zero
core   0: 3 0x00000000800000ac (0xf0000853) f16 0xffffffff00000000
(spike) core   0: 0x00000000800000b0 (0xf00008d3) fmv.w.x fa7, zero
core   0: 3 0x00000000800000b0 (0xf00008d3) f17 0xffffffff00000000
(spike) core   0: 0x00000000800000b4 (0xf0000953) fmv.w.x fs2, zero
core   0: 3 0x00000000800000b4 (0xf0000953) f18 0xffffffff00000000
(spike) core   0: 0x00000000800000b8 (0xf00009d3) fmv.w.x fs3, zero
core   0: 3 0x00000000800000b8 (0xf00009d3) f19 0xffffffff00000000
(spike) core   0: 0x00000000800000bc (0xf0000a53) fmv.w.x fs4, zero
core   0: 3 0x00000000800000bc (0xf0000a53) f20 0xffffffff00000000
(spike) core   0: 0x00000000800000c0 (0xf0000ad3) fmv.w.x fs5, zero
core   0: 3 0x00000000800000c0 (0xf0000ad3) f21 0xffffffff00000000
(spike) core   0: 0x00000000800000c4 (0xf0000b53) fmv.w.x fs6, zero
core   0: 3 0x00000000800000c4 (0xf0000b53) f22 0xffffffff00000000
(spike) core   0: 0x00000000800000c8 (0xf0000bd3) fmv.w.x fs7, zero
core   0: 3 0x00000000800000c8 (0xf0000bd3) f23 0xffffffff00000000
(spike) core   0: 0x00000000800000cc (0xf0000c53) fmv.w.x fs8, zero
core   0: 3 0x00000000800000cc (0xf0000c53) f24 0xffffffff00000000
(spike) core   0: 0x00000000800000d0 (0xf0000cd3) fmv.w.x fs9, zero
core   0: 3 0x00000000800000d0 (0xf0000cd3) f25 0xffffffff00000000
(spike) core   0: 0x00000000800000d4 (0xf0000d53) fmv.w.x fs10, zero
core   0: 3 0x00000000800000d4 (0xf0000d53) f26 0xffffffff00000000
(spike) core   0: 0x00000000800000d8 (0xf0000dd3) fmv.w.x fs11, zero
core   0: 3 0x00000000800000d8 (0xf0000dd3) f27 0xffffffff00000000
(spike) core   0: 0x00000000800000dc (0xf0000e53) fmv.w.x ft8, zero
core   0: 3 0x00000000800000dc (0xf0000e53) f28 0xffffffff00000000
(spike) core   0: 0x00000000800000e0 (0xf0000ed3) fmv.w.x ft9, zero
core   0: 3 0x00000000800000e0 (0xf0000ed3) f29 0xffffffff00000000
(spike) core   0: 0x00000000800000e4 (0xf0000f53) fmv.w.x ft10, zero
core   0: 3 0x00000000800000e4 (0xf0000f53) f30 0xffffffff00000000
(spike) core   0: 0x00000000800000e8 (0xf0000fd3) fmv.w.x ft11, zero
core   0: 3 0x00000000800000e8 (0xf0000fd3) f31 0xffffffff00000000
(spike) core   0: 0x00000000800000ec (0x00000297) auipc   t0, 0x0
core   0: 3 0x00000000800000ec (0x00000297) x5  0x00000000800000ec
(spike) core   0: 0x00000000800000f0 (0x03c28293) addi    t0, t0, 60
core   0: 3 0x00000000800000f0 (0x03c28293) x5  0x0000000080000128
(spike) core   0: 0x00000000800000f4 (0x30529073) csrw    mtvec, t0
core   0: 3 0x00000000800000f4 (0x30529073) c773_mtvec 0x0000000080000128
(spike) core   0: 0x00000000800000f8 (0x00002197) auipc   gp, 0x2
core   0: 3 0x00000000800000f8 (0x00002197) x3  0x00000000800020f8
(spike) core   0: 0x00000000800000fc (0xd8f18193) addi    gp, gp, -625
core   0: 3 0x00000000800000fc (0xd8f18193) x3  0x0000000080001e87
(spike) core   0: 0x0000000080000100 (0x00140217) auipc   tp, 0x140
core   0: 3 0x0000000080000100 (0x00140217) x4  0x0000000080140100
(spike) core   0: 0x0000000080000104 (0xf3f20213) addi    tp, tp, -193
core   0: 3 0x0000000080000104 (0xf3f20213) x4  0x000000008014003f
(spike) core   0: 0x0000000080000108 (0xfc027213) andi    tp, tp, -64
core   0: 3 0x0000000080000108 (0xfc027213) x4  0x0000000080140000
(spike) core   0: 0x000000008000010c (0xf1402573) csrr    a0, mhartid
core   0: 3 0x000000008000010c (0xf1402573) x10 0x0000000000000000
(spike) core   0: 0x0000000080000110 (0x00004585) c.li    a1, 1
core   0: 3 0x0000000080000110 (0x4585) x11 0x0000000000000001
(spike) core   0: 0x0000000080000112 (0x00b57063) bgeu    a0, a1, pc + 0
core   0: 3 0x0000000080000112 (0x00b57063)
(spike) core   0: 0x0000000080000116 (0x00150113) addi    sp, a0, 1
core   0: 3 0x0000000080000116 (0x00150113) x2  0x0000000000000001
(spike) core   0: 0x000000008000011a (0x00000146) c.slli  sp, 17
core   0: 3 0x000000008000011a (0x0146) x2  0x0000000000020000
(spike) core   0: 0x000000008000011c (0x00009112) c.add   sp, tp
core   0: 3 0x000000008000011c (0x9112) x2  0x0000000080160000
(spike) core   0: 0x000000008000011e (0x01151613) slli    a2, a0, 17
core   0: 3 0x000000008000011e (0x01151613) x12 0x0000000000000000
(spike) core   0: 0x0000000080000122 (0x00009232) c.add   tp, a2
core   0: 3 0x0000000080000122 (0x9232) x4  0x0000000080140000
(spike) core   0: 0x0000000080000124 (0x6460006f) j       pc + 0x646
core   0: 3 0x0000000080000124 (0x6460006f)
(spike) core   0: >>>>  _init
core   0: 0x000000008000076a (0x00001141) c.addi  sp, -16
core   0: 3 0x000000008000076a (0x1141) x2  0x000000008015fff0
(spike) core   0: 0x000000008000076c (0x0000e406) c.sdsp  ra, 8(sp)
core   0: 3 0x000000008000076c (0xe406) mem 0x000000008015fff8 0x0000000000000000
(spike) core   0: 0x000000008000076e (0x00008892) c.mv    a7, tp
core   0: 3 0x000000008000076e (0x8892) x17 0x0000000080140000
(spike) core   0: 0x0000000080000770 (0x00001617) auipc   a2, 0x1
core   0: 3 0x0000000080000770 (0x00001617) x12 0x0000000080001770
(spike) core   0: 0x0000000080000774 (0x00001717) auipc   a4, 0x1
core   0: 3 0x0000000080000774 (0x00001717) x14 0x0000000080001774
(spike) core   0: 0x0000000080000778 (0x39860793) addi    a5, a2, 920
core   0: 3 0x0000000080000778 (0x39860793) x15 0x0000000080001b08
(spike) core   0: 0x000000008000077c (0x39470813) addi    a6, a4, 916
core   0: 3 0x000000008000077c (0x39470813) x16 0x0000000080001b08
(spike) core   0: 0x0000000080000780 (0x40f80633) sub     a2, a6, a5
core   0: 3 0x0000000080000780 (0x40f80633) x12 0x0000000000000000
(spike) core   0: 0x0000000080000784 (0x0117e733) or      a4, a5, a7
core   0: 3 0x0000000080000784 (0x0117e733) x14 0x0000000080141b08
(spike) core   0: 0x0000000080000788 (0x00008f51) c.or    a4, a2
core   0: 3 0x0000000080000788 (0x8f51) x14 0x0000000080141b08
(spike) core   0: 0x000000008000078a (0x00777693) andi    a3, a4, 7
core   0: 3 0x000000008000078a (0x00777693) x13 0x0000000000000000
(spike) core   0: 0x000000008000078e (0x00c882b3) add     t0, a7, a2
core   0: 3 0x000000008000078e (0x00c882b3) x5  0x0000000080140000
(spike) core   0: 0x0000000080000792 (0x0000ce91) c.beqz  a3, pc + 28
core   0: 3 0x0000000080000792 (0xce91)
(spike) core   0: 0x00000000800007ae (0x00001797) auipc   a5, 0x1
core   0: 3 0x00000000800007ae (0x00001797) x15 0x00000000800017ae
(spike) core   0: 0x00000000800007b2 (0x35a78793) addi    a5, a5, 858
core   0: 3 0x00000000800007b2 (0x35a78793) x15 0x0000000080001b08
(spike) core   0: 0x00000000800007b6 (0x40f80633) sub     a2, a6, a5
core   0: 3 0x00000000800007b6 (0x40f80633) x12 0x0000000000000000
(spike) core   0: 0x00000000800007ba (0x0000ca11) c.beqz  a2, pc + 20
core   0: 3 0x00000000800007ba (0xca11)
(spike) core   0: 0x00000000800007ce (0x00001617) auipc   a2, 0x1
core   0: 3 0x00000000800007ce (0x00001617) x12 0x00000000800017ce
(spike) core   0: 0x00000000800007d2 (0x00001697) auipc   a3, 0x1
core   0: 3 0x00000000800007d2 (0x00001697) x13 0x00000000800017d2
(spike) core   0: 0x00000000800007d6 (0x33a60613) addi    a2, a2, 826
core   0: 3 0x00000000800007d6 (0x33a60613) x12 0x0000000080001b08
(spike) core   0: 0x00000000800007da (0x3b268793) addi    a5, a3, 946
core   0: 3 0x00000000800007da (0x3b268793) x15 0x0000000080001b84
(spike) core   0: 0x00000000800007de (0x40c80733) sub     a4, a6, a2
core   0: 3 0x00000000800007de (0x40c80733) x14 0x0000000000000000
(spike) core   0: 0x00000000800007e2 (0x410786b3) sub     a3, a5, a6
core   0: 3 0x00000000800007e2 (0x410786b3) x13 0x000000000000007c
(spike) core   0: 0x00000000800007e6 (0x00009746) c.add   a4, a7
core   0: 3 0x00000000800007e6 (0x9746) x14 0x0000000080140000
(spike) core   0: 0x00000000800007e8 (0x00008ed9) c.or    a3, a4
core   0: 3 0x00000000800007e8 (0x8ed9) x13 0x000000008014007c
(spike) core   0: 0x00000000800007ea (0x00008a9d) c.andi  a3, 7
core   0: 3 0x00000000800007ea (0x8a9d) x13 0x0000000000000004
(spike) core   0: 0x00000000800007ec (0x40c78633) sub     a2, a5, a2
core   0: 3 0x00000000800007ec (0x40c78633) x12 0x000000000000007c
(spike) core   0: 0x00000000800007f0 (0x00009646) c.add   a2, a7
core   0: 3 0x00000000800007f0 (0x9646) x12 0x000000008014007c
(spike) core   0: 0x00000000800007f2 (0x0000ce81) c.beqz  a3, pc + 24
core   0: 3 0x00000000800007f2 (0xce81)
(spike) core   0: 0x00000000800007f4 (0x410786b3) sub     a3, a5, a6
core   0: 3 0x00000000800007f4 (0x410786b3) x13 0x000000000000007c
(spike) core   0: 0x00000000800007f8 (0x0000c29d) c.beqz  a3, pc + 38
core   0: 3 0x00000000800007f8 (0xc29d)
(spike) core   0: 0x00000000800007fa (0x00170693) addi    a3, a4, 1
core   0: 3 0x00000000800007fa (0x00170693) x13 0x0000000080140001
(spike) core   0: 0x00000000800007fe (0x00070023) sb      zero, 0(a4)
core   0: 3 0x00000000800007fe (0x00070023) mem 0x0000000080140000 0x00
(spike) core   0: 0x0000000080000802 (0x00008736) c.mv    a4, a3
core   0: 3 0x0000000080000802 (0x8736) x14 0x0000000080140001
(spike) core   0: 0x0000000080000804 (0xfec6ebe3) bltu    a3, a2, pc - 10
core   0: 3 0x0000000080000804 (0xfec6ebe3)
(spike) core   0: 0x00000000800007fa (0x00170693) addi    a3, a4, 1
core   0: 3 0x00000000800007fa (0x00170693) x13 0x0000000080140002
(spike) core   0: 0x00000000800007fe (0x00070023) sb      zero, 0(a4)
core   0: 3 0x00000000800007fe (0x00070023) mem 0x0000000080140001 0x00
(spike) core   0: 0x0000000080000802 (0x00008736) c.mv    a4, a3
core   0: 3 0x0000000080000802 (0x8736) x14 0x0000000080140002
(spike) core   0: 0x0000000080000804 (0xfec6ebe3) bltu    a3, a2, pc - 10
core   0: 3 0x0000000080000804 (0xfec6ebe3)
(spike) core   0: 0x00000000800007fa (0x00170693) addi    a3, a4, 1
core   0: 3 0x00000000800007fa (0x00170693) x13 0x0000000080140003
(spike) core   0: 0x00000000800007fe (0x00070023) sb      zero, 0(a4)
core   0: 3 0x00000000800007fe (0x00070023) mem 0x0000000080140002 0x00
(spike) core   0: 0x0000000080000802 (0x00008736) c.mv    a4, a3
core   0: 3 0x0000000080000802 (0x8736) x14 0x0000000080140003
(spike) core   0: 0x0000000080000804 (0xfec6ebe3) bltu    a3, a2, pc - 10
core   0: 3 0x0000000080000804 (0xfec6ebe3)
(spike) core   0: 0x00000000800007fa (0x00170693) addi    a3, a4, 1
core   0: 3 0x00000000800007fa (0x00170693) x13 0x0000000080140004
(spike) core   0: 0x00000000800007fe (0x00070023) sb      zero, 0(a4)
core   0: 3 0x00000000800007fe (0x00070023) mem 0x0000000080140003 0x00
(spike) core   0: 0x0000000080000802 (0x00008736) c.mv    a4, a3
core   0: 3 0x0000000080000802 (0x8736) x14 0x0000000080140004
(spike) core   0: 0x0000000080000804 (0xfec6ebe3) bltu    a3, a2, pc - 10
core   0: 3 0x0000000080000804 (0xfec6ebe3)
(spike) core   0: 0x00000000800007fa (0x00170693) addi    a3, a4, 1
core   0: 3 0x00000000800007fa (0x00170693) x13 0x0000000080140005
(spike) core   0: 0x00000000800007fe (0x00070023) sb      zero, 0(a4)
core   0: 3 0x00000000800007fe (0x00070023) mem 0x0000000080140004 0x00
(spike) core   0: 0x0000000080000802 (0x00008736) c.mv    a4, a3
core   0: 3 0x0000000080000802 (0x8736) x14 0x0000000080140005
(spike) core   0: 0x0000000080000804 (0xfec6ebe3) bltu    a3, a2, pc - 10
core   0: 3 0x0000000080000804 (0xfec6ebe3)
(spike) core   0: 0x00000000800007fa (0x00170693) addi    a3, a4, 1
core   0: 3 0x00000000800007fa (0x00170693) x13 0x0000000080140006
(spike) core   0: 0x00000000800007fe (0x00070023) sb      zero, 0(a4)
core   0: 3 0x00000000800007fe (0x00070023) mem 0x0000000080140005 0x00
(spike) core   0: 0x0000000080000802 (0x00008736) c.mv    a4, a3
core   0: 3 0x0000000080000802 (0x8736) x14 0x0000000080140006
(spike) core   0: 0x0000000080000804 (0xfec6ebe3) bltu    a3, a2, pc - 10
core   0: 3 0x0000000080000804 (0xfec6ebe3)
(spike) core   0: 0x00000000800007fa (0x00170693) addi    a3, a4, 1
core   0: 3 0x00000000800007fa (0x00170693) x13 0x0000000080140007
(spike) core   0: 0x00000000800007fe (0x00070023) sb      zero, 0(a4)
core   0: 3 0x00000000800007fe (0x00070023) mem 0x0000000080140006 0x00
(spike) core   0: 0x0000000080000802 (0x00008736) c.mv    a4, a3
core   0: 3 0x0000000080000802 (0x8736) x14 0x0000000080140007
(spike) core   0: 0x0000000080000804 (0xfec6ebe3) bltu    a3, a2, pc - 10
core   0: 3 0x0000000080000804 (0xfec6ebe3)
(spike) core   0: 0x00000000800007fa (0x00170693) addi    a3, a4, 1
core   0: 3 0x00000000800007fa (0x00170693) x13 0x0000000080140008
(spike) core   0: 0x00000000800007fe (0x00070023) sb      zero, 0(a4)
core   0: 3 0x00000000800007fe (0x00070023) mem 0x0000000080140007 0x00
(spike) core   0: 0x0000000080000802 (0x00008736) c.mv    a4, a3
core   0: 3 0x0000000080000802 (0x8736) x14 0x0000000080140008
(spike) core   0: 0x0000000080000804 (0xfec6ebe3) bltu    a3, a2, pc - 10
core   0: 3 0x0000000080000804 (0xfec6ebe3)
(spike) core   0: 0x00000000800007fa (0x00170693) addi    a3, a4, 1
core   0: 3 0x00000000800007fa (0x00170693) x13 0x0000000080140009
(spike) core   0: 0x00000000800007fe (0x00070023) sb      zero, 0(a4)
core   0: 3 0x00000000800007fe (0x00070023) mem 0x0000000080140008 0x00
(spike) core   0: 0x0000000080000802 (0x00008736) c.mv    a4, a3
core   0: 3 0x0000000080000802 (0x8736) x14 0x0000000080140009
(spike) core   0: 0x0000000080000804 (0xfec6ebe3) bltu    a3, a2, pc - 10
core   0: 3 0x0000000080000804 (0xfec6ebe3)
(spike) core   0: 0x00000000800007fa (0x00170693) addi    a3, a4, 1
core   0: 3 0x00000000800007fa (0x00170693) x13 0x000000008014000a
(spike) core   0: 0x00000000800007fe (0x00070023) sb      zero, 0(a4)
core   0: 3 0x00000000800007fe (0x00070023) mem 0x0000000080140009 0x00
(spike) core   0: 0x0000000080000802 (0x00008736) c.mv    a4, a3
core   0: 3 0x0000000080000802 (0x8736) x14 0x000000008014000a
(spike) core   0: 0x0000000080000804 (0xfec6ebe3) bltu    a3, a2, pc - 10
core   0: 3 0x0000000080000804 (0xfec6ebe3)
(spike) core   0: 0x00000000800007fa (0x00170693) addi    a3, a4, 1
core   0: 3 0x00000000800007fa (0x00170693) x13 0x000000008014000b
(spike) core   0: 0x00000000800007fe (0x00070023) sb      zero, 0(a4)
core   0: 3 0x00000000800007fe (0x00070023) mem 0x000000008014000a 0x00
(spike) core   0: 0x0000000080000802 (0x00008736) c.mv    a4, a3
core   0: 3 0x0000000080000802 (0x8736) x14 0x000000008014000b
(spike) core   0: 0x0000000080000804 (0xfec6ebe3) bltu    a3, a2, pc - 10
core   0: 3 0x0000000080000804 (0xfec6ebe3)
(spike) core   0: 0x00000000800007fa (0x00170693) addi    a3, a4, 1
core   0: 3 0x00000000800007fa (0x00170693) x13 0x000000008014000c
(spike) core   0: 0x00000000800007fe (0x00070023) sb      zero, 0(a4)
core   0: 3 0x00000000800007fe (0x00070023) mem 0x000000008014000b 0x00
(spike) core   0: 0x0000000080000802 (0x00008736) c.mv    a4, a3
core   0: 3 0x0000000080000802 (0x8736) x14 0x000000008014000c
(spike) core   0: 0x0000000080000804 (0xfec6ebe3) bltu    a3, a2, pc - 10
core   0: 3 0x0000000080000804 (0xfec6ebe3)
(spike) core   0: 0x00000000800007fa (0x00170693) addi    a3, a4, 1
core   0: 3 0x00000000800007fa (0x00170693) x13 0x000000008014000d
(spike) core   0: 0x00000000800007fe (0x00070023) sb      zero, 0(a4)
core   0: 3 0x00000000800007fe (0x00070023) mem 0x000000008014000c 0x00
(spike) core   0: 0x0000000080000802 (0x00008736) c.mv    a4, a3
core   0: 3 0x0000000080000802 (0x8736) x14 0x000000008014000d
(spike) core   0: 0x0000000080000804 (0xfec6ebe3) bltu    a3, a2, pc - 10
core   0: 3 0x0000000080000804 (0xfec6ebe3)
(spike) core   0: 0x00000000800007fa (0x00170693) addi    a3, a4, 1
core   0: 3 0x00000000800007fa (0x00170693) x13 0x000000008014000e
(spike) core   0: 0x00000000800007fe (0x00070023) sb      zero, 0(a4)
core   0: 3 0x00000000800007fe (0x00070023) mem 0x000000008014000d 0x00
(spike) core   0: 0x0000000080000802 (0x00008736) c.mv    a4, a3
core   0: 3 0x0000000080000802 (0x8736) x14 0x000000008014000e
(spike) core   0: 0x0000000080000804 (0xfec6ebe3) bltu    a3, a2, pc - 10
core   0: 3 0x0000000080000804 (0xfec6ebe3)
(spike) core   0: 0x00000000800007fa (0x00170693) addi    a3, a4, 1
core   0: 3 0x00000000800007fa (0x00170693) x13 0x000000008014000f
(spike) core   0: 0x00000000800007fe (0x00070023) sb      zero, 0(a4)
core   0: 3 0x00000000800007fe (0x00070023) mem 0x000000008014000e 0x00
(spike) core   0: 0x0000000080000802 (0x00008736) c.mv    a4, a3
core   0: 3 0x0000000080000802 (0x8736) x14 0x000000008014000f
(spike) core   0: 0x0000000080000804 (0xfec6ebe3) bltu    a3, a2, pc - 10
core   0: 3 0x0000000080000804 (0xfec6ebe3)
(spike) core   0: 0x00000000800007fa (0x00170693) addi    a3, a4, 1
core   0: 3 0x00000000800007fa (0x00170693) x13 0x0000000080140010
(spike) core   0: 0x00000000800007fe (0x00070023) sb      zero, 0(a4)
core   0: 3 0x00000000800007fe (0x00070023) mem 0x000000008014000f 0x00
(spike) core   0: 0x0000000080000802 (0x00008736) c.mv    a4, a3
core   0: 3 0x0000000080000802 (0x8736) x14 0x0000000080140010
(spike) core   0: 0x0000000080000804 (0xfec6ebe3) bltu    a3, a2, pc - 10
core   0: 3 0x0000000080000804 (0xfec6ebe3)
(spike) core   0: 0x00000000800007fa (0x00170693) addi    a3, a4, 1
core   0: 3 0x00000000800007fa (0x00170693) x13 0x0000000080140011
(spike) core   0: 0x00000000800007fe (0x00070023) sb      zero, 0(a4)
core   0: 3 0x00000000800007fe (0x00070023) mem 0x0000000080140010 0x00
(spike) core   0: 0x0000000080000802 (0x00008736) c.mv    a4, a3
core   0: 3 0x0000000080000802 (0x8736) x14 0x0000000080140011
(spike) core   0: 0x0000000080000804 (0xfec6ebe3) bltu    a3, a2, pc - 10
core   0: 3 0x0000000080000804 (0xfec6ebe3)
(spike) core   0: 0x00000000800007fa (0x00170693) addi    a3, a4, 1
core   0: 3 0x00000000800007fa (0x00170693) x13 0x0000000080140012
(spike) core   0: 0x00000000800007fe (0x00070023) sb      zero, 0(a4)
core   0: 3 0x00000000800007fe (0x00070023) mem 0x0000000080140011 0x00
(spike) core   0: 0x0000000080000802 (0x00008736) c.mv    a4, a3
core   0: 3 0x0000000080000802 (0x8736) x14 0x0000000080140012
(spike) core   0: 0x0000000080000804 (0xfec6ebe3) bltu    a3, a2, pc - 10
core   0: 3 0x0000000080000804 (0xfec6ebe3)
(spike) core   0: 0x00000000800007fa (0x00170693) addi    a3, a4, 1
core   0: 3 0x00000000800007fa (0x00170693) x13 0x0000000080140013
(spike) core   0: 0x00000000800007fe (0x00070023) sb      zero, 0(a4)
core   0: 3 0x00000000800007fe (0x00070023) mem 0x0000000080140012 0x00
(spike) core   0: 0x0000000080000802 (0x00008736) c.mv    a4, a3
core   0: 3 0x0000000080000802 (0x8736) x14 0x0000000080140013
(spike) core   0: 0x0000000080000804 (0xfec6ebe3) bltu    a3, a2, pc - 10
core   0: 3 0x0000000080000804 (0xfec6ebe3)
(spike) core   0: 0x00000000800007fa (0x00170693) addi    a3, a4, 1
core   0: 3 0x00000000800007fa (0x00170693) x13 0x0000000080140014
(spike) core   0: 0x00000000800007fe (0x00070023) sb      zero, 0(a4)
core   0: 3 0x00000000800007fe (0x00070023) mem 0x0000000080140013 0x00
(spike) core   0: 0x0000000080000802 (0x00008736) c.mv    a4, a3
core   0: 3 0x0000000080000802 (0x8736) x14 0x0000000080140014
(spike) core   0: 0x0000000080000804 (0xfec6ebe3) bltu    a3, a2, pc - 10
core   0: 3 0x0000000080000804 (0xfec6ebe3)
(spike) core   0: 0x00000000800007fa (0x00170693) addi    a3, a4, 1
core   0: 3 0x00000000800007fa (0x00170693) x13 0x0000000080140015
(spike) core   0: 0x00000000800007fe (0x00070023) sb      zero, 0(a4)
core   0: 3 0x00000000800007fe (0x00070023) mem 0x0000000080140014 0x00
(spike) core   0: 0x0000000080000802 (0x00008736) c.mv    a4, a3
core   0: 3 0x0000000080000802 (0x8736) x14 0x0000000080140015
(spike) core   0: 0x0000000080000804 (0xfec6ebe3) bltu    a3, a2, pc - 10
core   0: 3 0x0000000080000804 (0xfec6ebe3)
(spike) core   0: 0x00000000800007fa (0x00170693) addi    a3, a4, 1
core   0: 3 0x00000000800007fa (0x00170693) x13 0x0000000080140016
(spike) core   0: 0x00000000800007fe (0x00070023) sb      zero, 0(a4)
core   0: 3 0x00000000800007fe (0x00070023) mem 0x0000000080140015 0x00
(spike) core   0: 0x0000000080000802 (0x00008736) c.mv    a4, a3
core   0: 3 0x0000000080000802 (0x8736) x14 0x0000000080140016
(spike) core   0: 0x0000000080000804 (0xfec6ebe3) bltu    a3, a2, pc - 10
core   0: 3 0x0000000080000804 (0xfec6ebe3)
(spike) core   0: 0x00000000800007fa (0x00170693) addi    a3, a4, 1
core   0: 3 0x00000000800007fa (0x00170693) x13 0x0000000080140017
(spike) core   0: 0x00000000800007fe (0x00070023) sb      zero, 0(a4)
core   0: 3 0x00000000800007fe (0x00070023) mem 0x0000000080140016 0x00
(spike) core   0: 0x0000000080000802 (0x00008736) c.mv    a4, a3
core   0: 3 0x0000000080000802 (0x8736) x14 0x0000000080140017
(spike) core   0: 0x0000000080000804 (0xfec6ebe3) bltu    a3, a2, pc - 10
core   0: 3 0x0000000080000804 (0xfec6ebe3)
(spike) core   0: 0x00000000800007fa (0x00170693) addi    a3, a4, 1
core   0: 3 0x00000000800007fa (0x00170693) x13 0x0000000080140018
(spike) core   0: 0x00000000800007fe (0x00070023) sb      zero, 0(a4)
core   0: 3 0x00000000800007fe (0x00070023) mem 0x0000000080140017 0x00
(spike) core   0: 0x0000000080000802 (0x00008736) c.mv    a4, a3
core   0: 3 0x0000000080000802 (0x8736) x14 0x0000000080140018
(spike) core   0: 0x0000000080000804 (0xfec6ebe3) bltu    a3, a2, pc - 10
core   0: 3 0x0000000080000804 (0xfec6ebe3)
(spike) core   0: 0x00000000800007fa (0x00170693) addi    a3, a4, 1
core   0: 3 0x00000000800007fa (0x00170693) x13 0x0000000080140019
(spike) core   0: 0x00000000800007fe (0x00070023) sb      zero, 0(a4)
core   0: 3 0x00000000800007fe (0x00070023) mem 0x0000000080140018 0x00
(spike) core   0: 0x0000000080000802 (0x00008736) c.mv    a4, a3
core   0: 3 0x0000000080000802 (0x8736) x14 0x0000000080140019
(spike) core   0: 0x0000000080000804 (0xfec6ebe3) bltu    a3, a2, pc - 10
core   0: 3 0x0000000080000804 (0xfec6ebe3)
(spike) core   0: 0x00000000800007fa (0x00170693) addi    a3, a4, 1
core   0: 3 0x00000000800007fa (0x00170693) x13 0x000000008014001a
(spike) core   0: 0x00000000800007fe (0x00070023) sb      zero, 0(a4)
core   0: 3 0x00000000800007fe (0x00070023) mem 0x0000000080140019 0x00
(spike) core   0: 0x0000000080000802 (0x00008736) c.mv    a4, a3
core   0: 3 0x0000000080000802 (0x8736) x14 0x000000008014001a
(spike) core   0: 0x0000000080000804 (0xfec6ebe3) bltu    a3, a2, pc - 10
core   0: 3 0x0000000080000804 (0xfec6ebe3)
(spike) core   0: 0x00000000800007fa (0x00170693) addi    a3, a4, 1
core   0: 3 0x00000000800007fa (0x00170693) x13 0x000000008014001b
(spike) core   0: 0x00000000800007fe (0x00070023) sb      zero, 0(a4)
core   0: 3 0x00000000800007fe (0x00070023) mem 0x000000008014001a 0x00
(spike) core   0: 0x0000000080000802 (0x00008736) c.mv    a4, a3
core   0: 3 0x0000000080000802 (0x8736) x14 0x000000008014001b
(spike) core   0: 0x0000000080000804 (0xfec6ebe3) bltu    a3, a2, pc - 10
core   0: 3 0x0000000080000804 (0xfec6ebe3)
(spike) core   0: 0x00000000800007fa (0x00170693) addi    a3, a4, 1
core   0: 3 0x00000000800007fa (0x00170693) x13 0x000000008014001c
(spike) core   0: 0x00000000800007fe (0x00070023) sb      zero, 0(a4)
core   0: 3 0x00000000800007fe (0x00070023) mem 0x000000008014001b 0x00
(spike) core   0: 0x0000000080000802 (0x00008736) c.mv    a4, a3
core   0: 3 0x0000000080000802 (0x8736) x14 0x000000008014001c
(spike) core   0: 0x0000000080000804 (0xfec6ebe3) bltu    a3, a2, pc - 10
core   0: 3 0x0000000080000804 (0xfec6ebe3)
(spike) core   0: 0x00000000800007fa (0x00170693) addi    a3, a4, 1
core   0: 3 0x00000000800007fa (0x00170693) x13 0x000000008014001d
(spike) core   0: 0x00000000800007fe (0x00070023) sb      zero, 0(a4)
core   0: 3 0x00000000800007fe (0x00070023) mem 0x000000008014001c 0x00
(spike) core   0: 0x0000000080000802 (0x00008736) c.mv    a4, a3
core   0: 3 0x0000000080000802 (0x8736) x14 0x000000008014001d
(spike) core   0: 0x0000000080000804 (0xfec6ebe3) bltu    a3, a2, pc - 10
core   0: 3 0x0000000080000804 (0xfec6ebe3)
(spike) core   0: 0x00000000800007fa (0x00170693) addi    a3, a4, 1
core   0: 3 0x00000000800007fa (0x00170693) x13 0x000000008014001e
(spike) core   0: 0x00000000800007fe (0x00070023) sb      zero, 0(a4)
core   0: 3 0x00000000800007fe (0x00070023) mem 0x000000008014001d 0x00
(spike) core   0: 0x0000000080000802 (0x00008736) c.mv    a4, a3
core   0: 3 0x0000000080000802 (0x8736) x14 0x000000008014001e
(spike) core   0: 0x0000000080000804 (0xfec6ebe3) bltu    a3, a2, pc - 10
core   0: 3 0x0000000080000804 (0xfec6ebe3)
(spike) core   0: 0x00000000800007fa (0x00170693) addi    a3, a4, 1
core   0: 3 0x00000000800007fa (0x00170693) x13 0x000000008014001f
(spike) core   0: 0x00000000800007fe (0x00070023) sb      zero, 0(a4)
core   0: 3 0x00000000800007fe (0x00070023) mem 0x000000008014001e 0x00
(spike) core   0: 0x0000000080000802 (0x00008736) c.mv    a4, a3
core   0: 3 0x0000000080000802 (0x8736) x14 0x000000008014001f
(spike) core   0: 0x0000000080000804 (0xfec6ebe3) bltu    a3, a2, pc - 10
core   0: 3 0x0000000080000804 (0xfec6ebe3)
(spike) core   0: 0x00000000800007fa (0x00170693) addi    a3, a4, 1
core   0: 3 0x00000000800007fa (0x00170693) x13 0x0000000080140020
(spike) core   0: 0x00000000800007fe (0x00070023) sb      zero, 0(a4)
core   0: 3 0x00000000800007fe (0x00070023) mem 0x000000008014001f 0x00
(spike) core   0: 0x0000000080000802 (0x00008736) c.mv    a4, a3
core   0: 3 0x0000000080000802 (0x8736) x14 0x0000000080140020
(spike) core   0: 0x0000000080000804 (0xfec6ebe3) bltu    a3, a2, pc - 10
core   0: 3 0x0000000080000804 (0xfec6ebe3)
(spike) core   0: 0x00000000800007fa (0x00170693) addi    a3, a4, 1
core   0: 3 0x00000000800007fa (0x00170693) x13 0x0000000080140021
(spike) core   0: 0x00000000800007fe (0x00070023) sb      zero, 0(a4)
core   0: 3 0x00000000800007fe (0x00070023) mem 0x0000000080140020 0x00
(spike) core   0: 0x0000000080000802 (0x00008736) c.mv    a4, a3
core   0: 3 0x0000000080000802 (0x8736) x14 0x0000000080140021
(spike) core   0: 0x0000000080000804 (0xfec6ebe3) bltu    a3, a2, pc - 10
core   0: 3 0x0000000080000804 (0xfec6ebe3)
(spike) core   0: 0x00000000800007fa (0x00170693) addi    a3, a4, 1
core   0: 3 0x00000000800007fa (0x00170693) x13 0x0000000080140022
(spike) core   0: 0x00000000800007fe (0x00070023) sb      zero, 0(a4)
core   0: 3 0x00000000800007fe (0x00070023) mem 0x0000000080140021 0x00
(spike) core   0: 0x0000000080000802 (0x00008736) c.mv    a4, a3
core   0: 3 0x0000000080000802 (0x8736) x14 0x0000000080140022
(spike) core   0: 0x0000000080000804 (0xfec6ebe3) bltu    a3, a2, pc - 10
core   0: 3 0x0000000080000804 (0xfec6ebe3)
(spike) core   0: 0x00000000800007fa (0x00170693) addi    a3, a4, 1
core   0: 3 0x00000000800007fa (0x00170693) x13 0x0000000080140023
(spike) core   0: 0x00000000800007fe (0x00070023) sb      zero, 0(a4)
core   0: 3 0x00000000800007fe (0x00070023) mem 0x0000000080140022 0x00
(spike) core   0: 0x0000000080000802 (0x00008736) c.mv    a4, a3
core   0: 3 0x0000000080000802 (0x8736) x14 0x0000000080140023
(spike) core   0: 0x0000000080000804 (0xfec6ebe3) bltu    a3, a2, pc - 10
core   0: 3 0x0000000080000804 (0xfec6ebe3)
(spike) core   0: 0x00000000800007fa (0x00170693) addi    a3, a4, 1
core   0: 3 0x00000000800007fa (0x00170693) x13 0x0000000080140024
(spike) core   0: 0x00000000800007fe (0x00070023) sb      zero, 0(a4)
core   0: 3 0x00000000800007fe (0x00070023) mem 0x0000000080140023 0x00
(spike) core   0: 0x0000000080000802 (0x00008736) c.mv    a4, a3
core   0: 3 0x0000000080000802 (0x8736) x14 0x0000000080140024
(spike) core   0: 0x0000000080000804 (0xfec6ebe3) bltu    a3, a2, pc - 10
core   0: 3 0x0000000080000804 (0xfec6ebe3)
(spike) core   0: 0x00000000800007fa (0x00170693) addi    a3, a4, 1
core   0: 3 0x00000000800007fa (0x00170693) x13 0x0000000080140025
(spike) core   0: 0x00000000800007fe (0x00070023) sb      zero, 0(a4)
core   0: 3 0x00000000800007fe (0x00070023) mem 0x0000000080140024 0x00
(spike) core   0: 0x0000000080000802 (0x00008736) c.mv    a4, a3
core   0: 3 0x0000000080000802 (0x8736) x14 0x0000000080140025
(spike) core   0: 0x0000000080000804 (0xfec6ebe3) bltu    a3, a2, pc - 10
core   0: 3 0x0000000080000804 (0xfec6ebe3)
(spike) core   0: 0x00000000800007fa (0x00170693) addi    a3, a4, 1
core   0: 3 0x00000000800007fa (0x00170693) x13 0x0000000080140026
(spike) core   0: 0x00000000800007fe (0x00070023) sb      zero, 0(a4)
core   0: 3 0x00000000800007fe (0x00070023) mem 0x0000000080140025 0x00
(spike) core   0: 0x0000000080000802 (0x00008736) c.mv    a4, a3
core   0: 3 0x0000000080000802 (0x8736) x14 0x0000000080140026
(spike) core   0: 0x0000000080000804 (0xfec6ebe3) bltu    a3, a2, pc - 10
core   0: 3 0x0000000080000804 (0xfec6ebe3)
(spike) core   0: 0x00000000800007fa (0x00170693) addi    a3, a4, 1
core   0: 3 0x00000000800007fa (0x00170693) x13 0x0000000080140027
(spike) core   0: 0x00000000800007fe (0x00070023) sb      zero, 0(a4)
core   0: 3 0x00000000800007fe (0x00070023) mem 0x0000000080140026 0x00
(spike) core   0: 0x0000000080000802 (0x00008736) c.mv    a4, a3
core   0: 3 0x0000000080000802 (0x8736) x14 0x0000000080140027
(spike) core   0: 0x0000000080000804 (0xfec6ebe3) bltu    a3, a2, pc - 10
core   0: 3 0x0000000080000804 (0xfec6ebe3)
(spike) core   0: 0x00000000800007fa (0x00170693) addi    a3, a4, 1
core   0: 3 0x00000000800007fa (0x00170693) x13 0x0000000080140028
(spike) core   0: 0x00000000800007fe (0x00070023) sb      zero, 0(a4)
core   0: 3 0x00000000800007fe (0x00070023) mem 0x0000000080140027 0x00
(spike) core   0: 0x0000000080000802 (0x00008736) c.mv    a4, a3
core   0: 3 0x0000000080000802 (0x8736) x14 0x0000000080140028
(spike) core   0: 0x0000000080000804 (0xfec6ebe3) bltu    a3, a2, pc - 10
core   0: 3 0x0000000080000804 (0xfec6ebe3)
(spike) core   0: 0x00000000800007fa (0x00170693) addi    a3, a4, 1
core   0: 3 0x00000000800007fa (0x00170693) x13 0x0000000080140029
(spike) core   0: 0x00000000800007fe (0x00070023) sb      zero, 0(a4)
core   0: 3 0x00000000800007fe (0x00070023) mem 0x0000000080140028 0x00
(spike) core   0: 0x0000000080000802 (0x00008736) c.mv    a4, a3
core   0: 3 0x0000000080000802 (0x8736) x14 0x0000000080140029
(spike) core   0: 0x0000000080000804 (0xfec6ebe3) bltu    a3, a2, pc - 10
core   0: 3 0x0000000080000804 (0xfec6ebe3)
(spike) core   0: 0x00000000800007fa (0x00170693) addi    a3, a4, 1
core   0: 3 0x00000000800007fa (0x00170693) x13 0x000000008014002a
(spike) core   0: 0x00000000800007fe (0x00070023) sb      zero, 0(a4)
core   0: 3 0x00000000800007fe (0x00070023) mem 0x0000000080140029 0x00
(spike) core   0: 0x0000000080000802 (0x00008736) c.mv    a4, a3
core   0: 3 0x0000000080000802 (0x8736) x14 0x000000008014002a
(spike) core   0: 0x0000000080000804 (0xfec6ebe3) bltu    a3, a2, pc - 10
core   0: 3 0x0000000080000804 (0xfec6ebe3)
(spike) core   0: 0x00000000800007fa (0x00170693) addi    a3, a4, 1
core   0: 3 0x00000000800007fa (0x00170693) x13 0x000000008014002b
(spike) core   0: 0x00000000800007fe (0x00070023) sb      zero, 0(a4)
core   0: 3 0x00000000800007fe (0x00070023) mem 0x000000008014002a 0x00
(spike) core   0: 0x0000000080000802 (0x00008736) c.mv    a4, a3
core   0: 3 0x0000000080000802 (0x8736) x14 0x000000008014002b
(spike) core   0: 0x0000000080000804 (0xfec6ebe3) bltu    a3, a2, pc - 10
core   0: 3 0x0000000080000804 (0xfec6ebe3)
(spike) core   0: 0x00000000800007fa (0x00170693) addi    a3, a4, 1
core   0: 3 0x00000000800007fa (0x00170693) x13 0x000000008014002c
(spike) core   0: 0x00000000800007fe (0x00070023) sb      zero, 0(a4)
core   0: 3 0x00000000800007fe (0x00070023) mem 0x000000008014002b 0x00
(spike) core   0: 0x0000000080000802 (0x00008736) c.mv    a4, a3
core   0: 3 0x0000000080000802 (0x8736) x14 0x000000008014002c
(spike) core   0: 0x0000000080000804 (0xfec6ebe3) bltu    a3, a2, pc - 10
core   0: 3 0x0000000080000804 (0xfec6ebe3)
(spike) core   0: 0x00000000800007fa (0x00170693) addi    a3, a4, 1
core   0: 3 0x00000000800007fa (0x00170693) x13 0x000000008014002d
(spike) core   0: 0x00000000800007fe (0x00070023) sb      zero, 0(a4)
core   0: 3 0x00000000800007fe (0x00070023) mem 0x000000008014002c 0x00
(spike) core   0: 0x0000000080000802 (0x00008736) c.mv    a4, a3
core   0: 3 0x0000000080000802 (0x8736) x14 0x000000008014002d
(spike) core   0: 0x0000000080000804 (0xfec6ebe3) bltu    a3, a2, pc - 10
core   0: 3 0x0000000080000804 (0xfec6ebe3)
(spike) core   0: 0x00000000800007fa (0x00170693) addi    a3, a4, 1
core   0: 3 0x00000000800007fa (0x00170693) x13 0x000000008014002e
(spike) core   0: 0x00000000800007fe (0x00070023) sb      zero, 0(a4)
core   0: 3 0x00000000800007fe (0x00070023) mem 0x000000008014002d 0x00
(spike) core   0: 0x0000000080000802 (0x00008736) c.mv    a4, a3
core   0: 3 0x0000000080000802 (0x8736) x14 0x000000008014002e
(spike) core   0: 0x0000000080000804 (0xfec6ebe3) bltu    a3, a2, pc - 10
core   0: 3 0x0000000080000804 (0xfec6ebe3)
(spike) core   0: 0x00000000800007fa (0x00170693) addi    a3, a4, 1
core   0: 3 0x00000000800007fa (0x00170693) x13 0x000000008014002f
(spike) core   0: 0x00000000800007fe (0x00070023) sb      zero, 0(a4)
core   0: 3 0x00000000800007fe (0x00070023) mem 0x000000008014002e 0x00
(spike) core   0: 0x0000000080000802 (0x00008736) c.mv    a4, a3
core   0: 3 0x0000000080000802 (0x8736) x14 0x000000008014002f
(spike) core   0: 0x0000000080000804 (0xfec6ebe3) bltu    a3, a2, pc - 10
core   0: 3 0x0000000080000804 (0xfec6ebe3)
(spike) core   0: 0x00000000800007fa (0x00170693) addi    a3, a4, 1
core   0: 3 0x00000000800007fa (0x00170693) x13 0x0000000080140030
(spike) core   0: 0x00000000800007fe (0x00070023) sb      zero, 0(a4)
core   0: 3 0x00000000800007fe (0x00070023) mem 0x000000008014002f 0x00
(spike) core   0: 0x0000000080000802 (0x00008736) c.mv    a4, a3
core   0: 3 0x0000000080000802 (0x8736) x14 0x0000000080140030
(spike) core   0: 0x0000000080000804 (0xfec6ebe3) bltu    a3, a2, pc - 10
core   0: 3 0x0000000080000804 (0xfec6ebe3)
(spike) core   0: 0x00000000800007fa (0x00170693) addi    a3, a4, 1
core   0: 3 0x00000000800007fa (0x00170693) x13 0x0000000080140031
(spike) core   0: 0x00000000800007fe (0x00070023) sb      zero, 0(a4)
core   0: 3 0x00000000800007fe (0x00070023) mem 0x0000000080140030 0x00
(spike) core   0: 0x0000000080000802 (0x00008736) c.mv    a4, a3
core   0: 3 0x0000000080000802 (0x8736) x14 0x0000000080140031
(spike) core   0: 0x0000000080000804 (0xfec6ebe3) bltu    a3, a2, pc - 10
core   0: 3 0x0000000080000804 (0xfec6ebe3)
(spike) core   0: 0x00000000800007fa (0x00170693) addi    a3, a4, 1
core   0: 3 0x00000000800007fa (0x00170693) x13 0x0000000080140032
(spike) core   0: 0x00000000800007fe (0x00070023) sb      zero, 0(a4)
core   0: 3 0x00000000800007fe (0x00070023) mem 0x0000000080140031 0x00
(spike) core   0: 0x0000000080000802 (0x00008736) c.mv    a4, a3
core   0: 3 0x0000000080000802 (0x8736) x14 0x0000000080140032
(spike) core   0: 0x0000000080000804 (0xfec6ebe3) bltu    a3, a2, pc - 10
core   0: 3 0x0000000080000804 (0xfec6ebe3)
(spike) core   0: 0x00000000800007fa (0x00170693) addi    a3, a4, 1
core   0: 3 0x00000000800007fa (0x00170693) x13 0x0000000080140033
(spike) core   0: 0x00000000800007fe (0x00070023) sb      zero, 0(a4)
core   0: 3 0x00000000800007fe (0x00070023) mem 0x0000000080140032 0x00
(spike) core   0: 0x0000000080000802 (0x00008736) c.mv    a4, a3
core   0: 3 0x0000000080000802 (0x8736) x14 0x0000000080140033
(spike) core   0: 0x0000000080000804 (0xfec6ebe3) bltu    a3, a2, pc - 10
core   0: 3 0x0000000080000804 (0xfec6ebe3)
(spike) core   0: 0x00000000800007fa (0x00170693) addi    a3, a4, 1
core   0: 3 0x00000000800007fa (0x00170693) x13 0x0000000080140034
(spike) core   0: 0x00000000800007fe (0x00070023) sb      zero, 0(a4)
core   0: 3 0x00000000800007fe (0x00070023) mem 0x0000000080140033 0x00
(spike) core   0: 0x0000000080000802 (0x00008736) c.mv    a4, a3
core   0: 3 0x0000000080000802 (0x8736) x14 0x0000000080140034
(spike) core   0: 0x0000000080000804 (0xfec6ebe3) bltu    a3, a2, pc - 10
core   0: 3 0x0000000080000804 (0xfec6ebe3)
(spike) core   0: 0x00000000800007fa (0x00170693) addi    a3, a4, 1
core   0: 3 0x00000000800007fa (0x00170693) x13 0x0000000080140035
(spike) core   0: 0x00000000800007fe (0x00070023) sb      zero, 0(a4)
core   0: 3 0x00000000800007fe (0x00070023) mem 0x0000000080140034 0x00
(spike) core   0: 0x0000000080000802 (0x00008736) c.mv    a4, a3
core   0: 3 0x0000000080000802 (0x8736) x14 0x0000000080140035
(spike) core   0: 0x0000000080000804 (0xfec6ebe3) bltu    a3, a2, pc - 10
core   0: 3 0x0000000080000804 (0xfec6ebe3)
(spike) core   0: 0x00000000800007fa (0x00170693) addi    a3, a4, 1
core   0: 3 0x00000000800007fa (0x00170693) x13 0x0000000080140036
(spike) core   0: 0x00000000800007fe (0x00070023) sb      zero, 0(a4)
core   0: 3 0x00000000800007fe (0x00070023) mem 0x0000000080140035 0x00
(spike) core   0: 0x0000000080000802 (0x00008736) c.mv    a4, a3
core   0: 3 0x0000000080000802 (0x8736) x14 0x0000000080140036
(spike) core   0: 0x0000000080000804 (0xfec6ebe3) bltu    a3, a2, pc - 10
core   0: 3 0x0000000080000804 (0xfec6ebe3)
(spike) core   0: 0x00000000800007fa (0x00170693) addi    a3, a4, 1
core   0: 3 0x00000000800007fa (0x00170693) x13 0x0000000080140037
(spike) core   0: 0x00000000800007fe (0x00070023) sb      zero, 0(a4)
core   0: 3 0x00000000800007fe (0x00070023) mem 0x0000000080140036 0x00
(spike) core   0: 0x0000000080000802 (0x00008736) c.mv    a4, a3
core   0: 3 0x0000000080000802 (0x8736) x14 0x0000000080140037
(spike) core   0: 0x0000000080000804 (0xfec6ebe3) bltu    a3, a2, pc - 10
core   0: 3 0x0000000080000804 (0xfec6ebe3)
(spike) core   0: 0x00000000800007fa (0x00170693) addi    a3, a4, 1
core   0: 3 0x00000000800007fa (0x00170693) x13 0x0000000080140038
(spike) core   0: 0x00000000800007fe (0x00070023) sb      zero, 0(a4)
core   0: 3 0x00000000800007fe (0x00070023) mem 0x0000000080140037 0x00
(spike) core   0: 0x0000000080000802 (0x00008736) c.mv    a4, a3
core   0: 3 0x0000000080000802 (0x8736) x14 0x0000000080140038
(spike) core   0: 0x0000000080000804 (0xfec6ebe3) bltu    a3, a2, pc - 10
core   0: 3 0x0000000080000804 (0xfec6ebe3)
(spike) core   0: 0x00000000800007fa (0x00170693) addi    a3, a4, 1
core   0: 3 0x00000000800007fa (0x00170693) x13 0x0000000080140039
(spike) core   0: 0x00000000800007fe (0x00070023) sb      zero, 0(a4)
core   0: 3 0x00000000800007fe (0x00070023) mem 0x0000000080140038 0x00
(spike) core   0: 0x0000000080000802 (0x00008736) c.mv    a4, a3
core   0: 3 0x0000000080000802 (0x8736) x14 0x0000000080140039
(spike) core   0: 0x0000000080000804 (0xfec6ebe3) bltu    a3, a2, pc - 10
core   0: 3 0x0000000080000804 (0xfec6ebe3)
(spike) core   0: 0x00000000800007fa (0x00170693) addi    a3, a4, 1
core   0: 3 0x00000000800007fa (0x00170693) x13 0x000000008014003a
(spike) core   0: 0x00000000800007fe (0x00070023) sb      zero, 0(a4)
core   0: 3 0x00000000800007fe (0x00070023) mem 0x0000000080140039 0x00
(spike) core   0: 0x0000000080000802 (0x00008736) c.mv    a4, a3
core   0: 3 0x0000000080000802 (0x8736) x14 0x000000008014003a
(spike) core   0: 0x0000000080000804 (0xfec6ebe3) bltu    a3, a2, pc - 10
core   0: 3 0x0000000080000804 (0xfec6ebe3)
(spike) core   0: 0x00000000800007fa (0x00170693) addi    a3, a4, 1
core   0: 3 0x00000000800007fa (0x00170693) x13 0x000000008014003b
(spike) core   0: 0x00000000800007fe (0x00070023) sb      zero, 0(a4)
core   0: 3 0x00000000800007fe (0x00070023) mem 0x000000008014003a 0x00
(spike) core   0: 0x0000000080000802 (0x00008736) c.mv    a4, a3
core   0: 3 0x0000000080000802 (0x8736) x14 0x000000008014003b
(spike) core   0: 0x0000000080000804 (0xfec6ebe3) bltu    a3, a2, pc - 10
core   0: 3 0x0000000080000804 (0xfec6ebe3)
(spike) core   0: 0x00000000800007fa (0x00170693) addi    a3, a4, 1
core   0: 3 0x00000000800007fa (0x00170693) x13 0x000000008014003c
(spike) core   0: 0x00000000800007fe (0x00070023) sb      zero, 0(a4)
core   0: 3 0x00000000800007fe (0x00070023) mem 0x000000008014003b 0x00
(spike) core   0: 0x0000000080000802 (0x00008736) c.mv    a4, a3
core   0: 3 0x0000000080000802 (0x8736) x14 0x000000008014003c
(spike) core   0: 0x0000000080000804 (0xfec6ebe3) bltu    a3, a2, pc - 10
core   0: 3 0x0000000080000804 (0xfec6ebe3)
(spike) core   0: 0x00000000800007fa (0x00170693) addi    a3, a4, 1
core   0: 3 0x00000000800007fa (0x00170693) x13 0x000000008014003d
(spike) core   0: 0x00000000800007fe (0x00070023) sb      zero, 0(a4)
core   0: 3 0x00000000800007fe (0x00070023) mem 0x000000008014003c 0x00
(spike) core   0: 0x0000000080000802 (0x00008736) c.mv    a4, a3
core   0: 3 0x0000000080000802 (0x8736) x14 0x000000008014003d
(spike) core   0: 0x0000000080000804 (0xfec6ebe3) bltu    a3, a2, pc - 10
core   0: 3 0x0000000080000804 (0xfec6ebe3)
(spike) core   0: 0x00000000800007fa (0x00170693) addi    a3, a4, 1
core   0: 3 0x00000000800007fa (0x00170693) x13 0x000000008014003e
(spike) core   0: 0x00000000800007fe (0x00070023) sb      zero, 0(a4)
core   0: 3 0x00000000800007fe (0x00070023) mem 0x000000008014003d 0x00
(spike) core   0: 0x0000000080000802 (0x00008736) c.mv    a4, a3
core   0: 3 0x0000000080000802 (0x8736) x14 0x000000008014003e
(spike) core   0: 0x0000000080000804 (0xfec6ebe3) bltu    a3, a2, pc - 10
core   0: 3 0x0000000080000804 (0xfec6ebe3)
(spike) core   0: 0x00000000800007fa (0x00170693) addi    a3, a4, 1
core   0: 3 0x00000000800007fa (0x00170693) x13 0x000000008014003f
(spike) core   0: 0x00000000800007fe (0x00070023) sb      zero, 0(a4)
core   0: 3 0x00000000800007fe (0x00070023) mem 0x000000008014003e 0x00
(spike) core   0: 0x0000000080000802 (0x00008736) c.mv    a4, a3
core   0: 3 0x0000000080000802 (0x8736) x14 0x000000008014003f
(spike) core   0: 0x0000000080000804 (0xfec6ebe3) bltu    a3, a2, pc - 10
core   0: 3 0x0000000080000804 (0xfec6ebe3)
(spike) core   0: 0x00000000800007fa (0x00170693) addi    a3, a4, 1
core   0: 3 0x00000000800007fa (0x00170693) x13 0x0000000080140040
(spike) core   0: 0x00000000800007fe (0x00070023) sb      zero, 0(a4)
core   0: 3 0x00000000800007fe (0x00070023) mem 0x000000008014003f 0x00
(spike) core   0: 0x0000000080000802 (0x00008736) c.mv    a4, a3
core   0: 3 0x0000000080000802 (0x8736) x14 0x0000000080140040
(spike) core   0: 0x0000000080000804 (0xfec6ebe3) bltu    a3, a2, pc - 10
core   0: 3 0x0000000080000804 (0xfec6ebe3)
(spike) core   0: 0x00000000800007fa (0x00170693) addi    a3, a4, 1
core   0: 3 0x00000000800007fa (0x00170693) x13 0x0000000080140041
(spike) core   0: 0x00000000800007fe (0x00070023) sb      zero, 0(a4)
core   0: 3 0x00000000800007fe (0x00070023) mem 0x0000000080140040 0x00
(spike) core   0: 0x0000000080000802 (0x00008736) c.mv    a4, a3
core   0: 3 0x0000000080000802 (0x8736) x14 0x0000000080140041
(spike) core   0: 0x0000000080000804 (0xfec6ebe3) bltu    a3, a2, pc - 10
core   0: 3 0x0000000080000804 (0xfec6ebe3)
(spike) core   0: 0x00000000800007fa (0x00170693) addi    a3, a4, 1
core   0: 3 0x00000000800007fa (0x00170693) x13 0x0000000080140042
(spike) core   0: 0x00000000800007fe (0x00070023) sb      zero, 0(a4)
core   0: 3 0x00000000800007fe (0x00070023) mem 0x0000000080140041 0x00
(spike) core   0: 0x0000000080000802 (0x00008736) c.mv    a4, a3
core   0: 3 0x0000000080000802 (0x8736) x14 0x0000000080140042
(spike) core   0: 0x0000000080000804 (0xfec6ebe3) bltu    a3, a2, pc - 10
core   0: 3 0x0000000080000804 (0xfec6ebe3)
(spike) core   0: 0x00000000800007fa (0x00170693) addi    a3, a4, 1
core   0: 3 0x00000000800007fa (0x00170693) x13 0x0000000080140043
(spike) core   0: 0x00000000800007fe (0x00070023) sb      zero, 0(a4)
core   0: 3 0x00000000800007fe (0x00070023) mem 0x0000000080140042 0x00
(spike) core   0: 0x0000000080000802 (0x00008736) c.mv    a4, a3
core   0: 3 0x0000000080000802 (0x8736) x14 0x0000000080140043
(spike) core   0: 0x0000000080000804 (0xfec6ebe3) bltu    a3, a2, pc - 10
core   0: 3 0x0000000080000804 (0xfec6ebe3)
(spike) core   0: 0x00000000800007fa (0x00170693) addi    a3, a4, 1
core   0: 3 0x00000000800007fa (0x00170693) x13 0x0000000080140044
(spike) core   0: 0x00000000800007fe (0x00070023) sb      zero, 0(a4)
core   0: 3 0x00000000800007fe (0x00070023) mem 0x0000000080140043 0x00
(spike) core   0: 0x0000000080000802 (0x00008736) c.mv    a4, a3
core   0: 3 0x0000000080000802 (0x8736) x14 0x0000000080140044
(spike) core   0: 0x0000000080000804 (0xfec6ebe3) bltu    a3, a2, pc - 10
core   0: 3 0x0000000080000804 (0xfec6ebe3)
(spike) core   0: 0x00000000800007fa (0x00170693) addi    a3, a4, 1
core   0: 3 0x00000000800007fa (0x00170693) x13 0x0000000080140045
(spike) core   0: 0x00000000800007fe (0x00070023) sb      zero, 0(a4)
core   0: 3 0x00000000800007fe (0x00070023) mem 0x0000000080140044 0x00
(spike) core   0: 0x0000000080000802 (0x00008736) c.mv    a4, a3
core   0: 3 0x0000000080000802 (0x8736) x14 0x0000000080140045
(spike) core   0: 0x0000000080000804 (0xfec6ebe3) bltu    a3, a2, pc - 10
core   0: 3 0x0000000080000804 (0xfec6ebe3)
(spike) core   0: 0x00000000800007fa (0x00170693) addi    a3, a4, 1
core   0: 3 0x00000000800007fa (0x00170693) x13 0x0000000080140046
(spike) core   0: 0x00000000800007fe (0x00070023) sb      zero, 0(a4)
core   0: 3 0x00000000800007fe (0x00070023) mem 0x0000000080140045 0x00
(spike) core   0: 0x0000000080000802 (0x00008736) c.mv    a4, a3
core   0: 3 0x0000000080000802 (0x8736) x14 0x0000000080140046
(spike) core   0: 0x0000000080000804 (0xfec6ebe3) bltu    a3, a2, pc - 10
core   0: 3 0x0000000080000804 (0xfec6ebe3)
(spike) core   0: 0x00000000800007fa (0x00170693) addi    a3, a4, 1
core   0: 3 0x00000000800007fa (0x00170693) x13 0x0000000080140047
(spike) core   0: 0x00000000800007fe (0x00070023) sb      zero, 0(a4)
core   0: 3 0x00000000800007fe (0x00070023) mem 0x0000000080140046 0x00
(spike) core   0: 0x0000000080000802 (0x00008736) c.mv    a4, a3
core   0: 3 0x0000000080000802 (0x8736) x14 0x0000000080140047
(spike) core   0: 0x0000000080000804 (0xfec6ebe3) bltu    a3, a2, pc - 10
core   0: 3 0x0000000080000804 (0xfec6ebe3)
(spike) core   0: 0x00000000800007fa (0x00170693) addi    a3, a4, 1
core   0: 3 0x00000000800007fa (0x00170693) x13 0x0000000080140048
(spike) core   0: 0x00000000800007fe (0x00070023) sb      zero, 0(a4)
core   0: 3 0x00000000800007fe (0x00070023) mem 0x0000000080140047 0x00
(spike) core   0: 0x0000000080000802 (0x00008736) c.mv    a4, a3
core   0: 3 0x0000000080000802 (0x8736) x14 0x0000000080140048
(spike) core   0: 0x0000000080000804 (0xfec6ebe3) bltu    a3, a2, pc - 10
core   0: 3 0x0000000080000804 (0xfec6ebe3)
(spike) core   0: 0x00000000800007fa (0x00170693) addi    a3, a4, 1
core   0: 3 0x00000000800007fa (0x00170693) x13 0x0000000080140049
(spike) core   0: 0x00000000800007fe (0x00070023) sb      zero, 0(a4)
core   0: 3 0x00000000800007fe (0x00070023) mem 0x0000000080140048 0x00
(spike) core   0: 0x0000000080000802 (0x00008736) c.mv    a4, a3
core   0: 3 0x0000000080000802 (0x8736) x14 0x0000000080140049
(spike) core   0: 0x0000000080000804 (0xfec6ebe3) bltu    a3, a2, pc - 10
core   0: 3 0x0000000080000804 (0xfec6ebe3)
(spike) core   0: 0x00000000800007fa (0x00170693) addi    a3, a4, 1
core   0: 3 0x00000000800007fa (0x00170693) x13 0x000000008014004a
(spike) core   0: 0x00000000800007fe (0x00070023) sb      zero, 0(a4)
core   0: 3 0x00000000800007fe (0x00070023) mem 0x0000000080140049 0x00
(spike) core   0: 0x0000000080000802 (0x00008736) c.mv    a4, a3
core   0: 3 0x0000000080000802 (0x8736) x14 0x000000008014004a
(spike) core   0: 0x0000000080000804 (0xfec6ebe3) bltu    a3, a2, pc - 10
core   0: 3 0x0000000080000804 (0xfec6ebe3)
(spike) core   0: 0x00000000800007fa (0x00170693) addi    a3, a4, 1
core   0: 3 0x00000000800007fa (0x00170693) x13 0x000000008014004b
(spike) core   0: 0x00000000800007fe (0x00070023) sb      zero, 0(a4)
core   0: 3 0x00000000800007fe (0x00070023) mem 0x000000008014004a 0x00
(spike) core   0: 0x0000000080000802 (0x00008736) c.mv    a4, a3
core   0: 3 0x0000000080000802 (0x8736) x14 0x000000008014004b
(spike) core   0: 0x0000000080000804 (0xfec6ebe3) bltu    a3, a2, pc - 10
core   0: 3 0x0000000080000804 (0xfec6ebe3)
(spike) core   0: 0x00000000800007fa (0x00170693) addi    a3, a4, 1
core   0: 3 0x00000000800007fa (0x00170693) x13 0x000000008014004c
(spike) core   0: 0x00000000800007fe (0x00070023) sb      zero, 0(a4)
core   0: 3 0x00000000800007fe (0x00070023) mem 0x000000008014004b 0x00
(spike) core   0: 0x0000000080000802 (0x00008736) c.mv    a4, a3
core   0: 3 0x0000000080000802 (0x8736) x14 0x000000008014004c
(spike) core   0: 0x0000000080000804 (0xfec6ebe3) bltu    a3, a2, pc - 10
core   0: 3 0x0000000080000804 (0xfec6ebe3)
(spike) core   0: 0x00000000800007fa (0x00170693) addi    a3, a4, 1
core   0: 3 0x00000000800007fa (0x00170693) x13 0x000000008014004d
(spike) core   0: 0x00000000800007fe (0x00070023) sb      zero, 0(a4)
core   0: 3 0x00000000800007fe (0x00070023) mem 0x000000008014004c 0x00
(spike) core   0: 0x0000000080000802 (0x00008736) c.mv    a4, a3
core   0: 3 0x0000000080000802 (0x8736) x14 0x000000008014004d
(spike) core   0: 0x0000000080000804 (0xfec6ebe3) bltu    a3, a2, pc - 10
core   0: 3 0x0000000080000804 (0xfec6ebe3)
(spike) core   0: 0x00000000800007fa (0x00170693) addi    a3, a4, 1
core   0: 3 0x00000000800007fa (0x00170693) x13 0x000000008014004e
(spike) core   0: 0x00000000800007fe (0x00070023) sb      zero, 0(a4)
core   0: 3 0x00000000800007fe (0x00070023) mem 0x000000008014004d 0x00
(spike) core   0: 0x0000000080000802 (0x00008736) c.mv    a4, a3
core   0: 3 0x0000000080000802 (0x8736) x14 0x000000008014004e
(spike) core   0: 0x0000000080000804 (0xfec6ebe3) bltu    a3, a2, pc - 10
core   0: 3 0x0000000080000804 (0xfec6ebe3)
(spike) core   0: 0x00000000800007fa (0x00170693) addi    a3, a4, 1
core   0: 3 0x00000000800007fa (0x00170693) x13 0x000000008014004f
(spike) core   0: 0x00000000800007fe (0x00070023) sb      zero, 0(a4)
core   0: 3 0x00000000800007fe (0x00070023) mem 0x000000008014004e 0x00
(spike) core   0: 0x0000000080000802 (0x00008736) c.mv    a4, a3
core   0: 3 0x0000000080000802 (0x8736) x14 0x000000008014004f
(spike) core   0: 0x0000000080000804 (0xfec6ebe3) bltu    a3, a2, pc - 10
core   0: 3 0x0000000080000804 (0xfec6ebe3)
(spike) core   0: 0x00000000800007fa (0x00170693) addi    a3, a4, 1
core   0: 3 0x00000000800007fa (0x00170693) x13 0x0000000080140050
(spike) core   0: 0x00000000800007fe (0x00070023) sb      zero, 0(a4)
core   0: 3 0x00000000800007fe (0x00070023) mem 0x000000008014004f 0x00
(spike) core   0: 0x0000000080000802 (0x00008736) c.mv    a4, a3
core   0: 3 0x0000000080000802 (0x8736) x14 0x0000000080140050
(spike) core   0: 0x0000000080000804 (0xfec6ebe3) bltu    a3, a2, pc - 10
core   0: 3 0x0000000080000804 (0xfec6ebe3)
(spike) core   0: 0x00000000800007fa (0x00170693) addi    a3, a4, 1
core   0: 3 0x00000000800007fa (0x00170693) x13 0x0000000080140051
(spike) core   0: 0x00000000800007fe (0x00070023) sb      zero, 0(a4)
core   0: 3 0x00000000800007fe (0x00070023) mem 0x0000000080140050 0x00
(spike) core   0: 0x0000000080000802 (0x00008736) c.mv    a4, a3
core   0: 3 0x0000000080000802 (0x8736) x14 0x0000000080140051
(spike) core   0: 0x0000000080000804 (0xfec6ebe3) bltu    a3, a2, pc - 10
core   0: 3 0x0000000080000804 (0xfec6ebe3)
(spike) core   0: 0x00000000800007fa (0x00170693) addi    a3, a4, 1
core   0: 3 0x00000000800007fa (0x00170693) x13 0x0000000080140052
(spike) core   0: 0x00000000800007fe (0x00070023) sb      zero, 0(a4)
core   0: 3 0x00000000800007fe (0x00070023) mem 0x0000000080140051 0x00
(spike) core   0: 0x0000000080000802 (0x00008736) c.mv    a4, a3
core   0: 3 0x0000000080000802 (0x8736) x14 0x0000000080140052
(spike) core   0: 0x0000000080000804 (0xfec6ebe3) bltu    a3, a2, pc - 10
core   0: 3 0x0000000080000804 (0xfec6ebe3)
(spike) core   0: 0x00000000800007fa (0x00170693) addi    a3, a4, 1
core   0: 3 0x00000000800007fa (0x00170693) x13 0x0000000080140053
(spike) core   0: 0x00000000800007fe (0x00070023) sb      zero, 0(a4)
core   0: 3 0x00000000800007fe (0x00070023) mem 0x0000000080140052 0x00
(spike) core   0: 0x0000000080000802 (0x00008736) c.mv    a4, a3
core   0: 3 0x0000000080000802 (0x8736) x14 0x0000000080140053
(spike) core   0: 0x0000000080000804 (0xfec6ebe3) bltu    a3, a2, pc - 10
core   0: 3 0x0000000080000804 (0xfec6ebe3)
(spike) core   0: 0x00000000800007fa (0x00170693) addi    a3, a4, 1
core   0: 3 0x00000000800007fa (0x00170693) x13 0x0000000080140054
(spike) core   0: 0x00000000800007fe (0x00070023) sb      zero, 0(a4)
core   0: 3 0x00000000800007fe (0x00070023) mem 0x0000000080140053 0x00
(spike) core   0: 0x0000000080000802 (0x00008736) c.mv    a4, a3
core   0: 3 0x0000000080000802 (0x8736) x14 0x0000000080140054
(spike) core   0: 0x0000000080000804 (0xfec6ebe3) bltu    a3, a2, pc - 10
core   0: 3 0x0000000080000804 (0xfec6ebe3)
(spike) core   0: 0x00000000800007fa (0x00170693) addi    a3, a4, 1
core   0: 3 0x00000000800007fa (0x00170693) x13 0x0000000080140055
(spike) core   0: 0x00000000800007fe (0x00070023) sb      zero, 0(a4)
core   0: 3 0x00000000800007fe (0x00070023) mem 0x0000000080140054 0x00
(spike) core   0: 0x0000000080000802 (0x00008736) c.mv    a4, a3
core   0: 3 0x0000000080000802 (0x8736) x14 0x0000000080140055
(spike) core   0: 0x0000000080000804 (0xfec6ebe3) bltu    a3, a2, pc - 10
core   0: 3 0x0000000080000804 (0xfec6ebe3)
(spike) core   0: 0x00000000800007fa (0x00170693) addi    a3, a4, 1
core   0: 3 0x00000000800007fa (0x00170693) x13 0x0000000080140056
(spike) core   0: 0x00000000800007fe (0x00070023) sb      zero, 0(a4)
core   0: 3 0x00000000800007fe (0x00070023) mem 0x0000000080140055 0x00
(spike) core   0: 0x0000000080000802 (0x00008736) c.mv    a4, a3
core   0: 3 0x0000000080000802 (0x8736) x14 0x0000000080140056
(spike) core   0: 0x0000000080000804 (0xfec6ebe3) bltu    a3, a2, pc - 10
core   0: 3 0x0000000080000804 (0xfec6ebe3)
(spike) core   0: 0x00000000800007fa (0x00170693) addi    a3, a4, 1
core   0: 3 0x00000000800007fa (0x00170693) x13 0x0000000080140057
(spike) core   0: 0x00000000800007fe (0x00070023) sb      zero, 0(a4)
core   0: 3 0x00000000800007fe (0x00070023) mem 0x0000000080140056 0x00
(spike) core   0: 0x0000000080000802 (0x00008736) c.mv    a4, a3
core   0: 3 0x0000000080000802 (0x8736) x14 0x0000000080140057
(spike) core   0: 0x0000000080000804 (0xfec6ebe3) bltu    a3, a2, pc - 10
core   0: 3 0x0000000080000804 (0xfec6ebe3)
(spike) core   0: 0x00000000800007fa (0x00170693) addi    a3, a4, 1
core   0: 3 0x00000000800007fa (0x00170693) x13 0x0000000080140058
(spike) core   0: 0x00000000800007fe (0x00070023) sb      zero, 0(a4)
core   0: 3 0x00000000800007fe (0x00070023) mem 0x0000000080140057 0x00
(spike) core   0: 0x0000000080000802 (0x00008736) c.mv    a4, a3
core   0: 3 0x0000000080000802 (0x8736) x14 0x0000000080140058
(spike) core   0: 0x0000000080000804 (0xfec6ebe3) bltu    a3, a2, pc - 10
core   0: 3 0x0000000080000804 (0xfec6ebe3)
(spike) core   0: 0x00000000800007fa (0x00170693) addi    a3, a4, 1
core   0: 3 0x00000000800007fa (0x00170693) x13 0x0000000080140059
(spike) core   0: 0x00000000800007fe (0x00070023) sb      zero, 0(a4)
core   0: 3 0x00000000800007fe (0x00070023) mem 0x0000000080140058 0x00
(spike) core   0: 0x0000000080000802 (0x00008736) c.mv    a4, a3
core   0: 3 0x0000000080000802 (0x8736) x14 0x0000000080140059
(spike) core   0: 0x0000000080000804 (0xfec6ebe3) bltu    a3, a2, pc - 10
core   0: 3 0x0000000080000804 (0xfec6ebe3)
(spike) core   0: 0x00000000800007fa (0x00170693) addi    a3, a4, 1
core   0: 3 0x00000000800007fa (0x00170693) x13 0x000000008014005a
(spike) core   0: 0x00000000800007fe (0x00070023) sb      zero, 0(a4)
core   0: 3 0x00000000800007fe (0x00070023) mem 0x0000000080140059 0x00
(spike) core   0: 0x0000000080000802 (0x00008736) c.mv    a4, a3
core   0: 3 0x0000000080000802 (0x8736) x14 0x000000008014005a
(spike) core   0: 0x0000000080000804 (0xfec6ebe3) bltu    a3, a2, pc - 10
core   0: 3 0x0000000080000804 (0xfec6ebe3)
(spike) core   0: 0x00000000800007fa (0x00170693) addi    a3, a4, 1
core   0: 3 0x00000000800007fa (0x00170693) x13 0x000000008014005b
(spike) core   0: 0x00000000800007fe (0x00070023) sb      zero, 0(a4)
core   0: 3 0x00000000800007fe (0x00070023) mem 0x000000008014005a 0x00
(spike) core   0: 0x0000000080000802 (0x00008736) c.mv    a4, a3
core   0: 3 0x0000000080000802 (0x8736) x14 0x000000008014005b
(spike) core   0: 0x0000000080000804 (0xfec6ebe3) bltu    a3, a2, pc - 10
core   0: 3 0x0000000080000804 (0xfec6ebe3)
(spike) core   0: 0x00000000800007fa (0x00170693) addi    a3, a4, 1
core   0: 3 0x00000000800007fa (0x00170693) x13 0x000000008014005c
(spike) core   0: 0x00000000800007fe (0x00070023) sb      zero, 0(a4)
core   0: 3 0x00000000800007fe (0x00070023) mem 0x000000008014005b 0x00
(spike) core   0: 0x0000000080000802 (0x00008736) c.mv    a4, a3
core   0: 3 0x0000000080000802 (0x8736) x14 0x000000008014005c
(spike) core   0: 0x0000000080000804 (0xfec6ebe3) bltu    a3, a2, pc - 10
core   0: 3 0x0000000080000804 (0xfec6ebe3)
(spike) core   0: 0x00000000800007fa (0x00170693) addi    a3, a4, 1
core   0: 3 0x00000000800007fa (0x00170693) x13 0x000000008014005d
(spike) core   0: 0x00000000800007fe (0x00070023) sb      zero, 0(a4)
core   0: 3 0x00000000800007fe (0x00070023) mem 0x000000008014005c 0x00
(spike) core   0: 0x0000000080000802 (0x00008736) c.mv    a4, a3
core   0: 3 0x0000000080000802 (0x8736) x14 0x000000008014005d
(spike) core   0: 0x0000000080000804 (0xfec6ebe3) bltu    a3, a2, pc - 10
core   0: 3 0x0000000080000804 (0xfec6ebe3)
(spike) core   0: 0x00000000800007fa (0x00170693) addi    a3, a4, 1
core   0: 3 0x00000000800007fa (0x00170693) x13 0x000000008014005e
(spike) core   0: 0x00000000800007fe (0x00070023) sb      zero, 0(a4)
core   0: 3 0x00000000800007fe (0x00070023) mem 0x000000008014005d 0x00
(spike) core   0: 0x0000000080000802 (0x00008736) c.mv    a4, a3
core   0: 3 0x0000000080000802 (0x8736) x14 0x000000008014005e
(spike) core   0: 0x0000000080000804 (0xfec6ebe3) bltu    a3, a2, pc - 10
core   0: 3 0x0000000080000804 (0xfec6ebe3)
(spike) core   0: 0x00000000800007fa (0x00170693) addi    a3, a4, 1
core   0: 3 0x00000000800007fa (0x00170693) x13 0x000000008014005f
(spike) core   0: 0x00000000800007fe (0x00070023) sb      zero, 0(a4)
core   0: 3 0x00000000800007fe (0x00070023) mem 0x000000008014005e 0x00
(spike) core   0: 0x0000000080000802 (0x00008736) c.mv    a4, a3
core   0: 3 0x0000000080000802 (0x8736) x14 0x000000008014005f
(spike) core   0: 0x0000000080000804 (0xfec6ebe3) bltu    a3, a2, pc - 10
core   0: 3 0x0000000080000804 (0xfec6ebe3)
(spike) core   0: 0x00000000800007fa (0x00170693) addi    a3, a4, 1
core   0: 3 0x00000000800007fa (0x00170693) x13 0x0000000080140060
(spike) core   0: 0x00000000800007fe (0x00070023) sb      zero, 0(a4)
core   0: 3 0x00000000800007fe (0x00070023) mem 0x000000008014005f 0x00
(spike) core   0: 0x0000000080000802 (0x00008736) c.mv    a4, a3
core   0: 3 0x0000000080000802 (0x8736) x14 0x0000000080140060
(spike) core   0: 0x0000000080000804 (0xfec6ebe3) bltu    a3, a2, pc - 10
core   0: 3 0x0000000080000804 (0xfec6ebe3)
(spike) core   0: 0x00000000800007fa (0x00170693) addi    a3, a4, 1
core   0: 3 0x00000000800007fa (0x00170693) x13 0x0000000080140061
(spike) core   0: 0x00000000800007fe (0x00070023) sb      zero, 0(a4)
core   0: 3 0x00000000800007fe (0x00070023) mem 0x0000000080140060 0x00
(spike) core   0: 0x0000000080000802 (0x00008736) c.mv    a4, a3
core   0: 3 0x0000000080000802 (0x8736) x14 0x0000000080140061
(spike) core   0: 0x0000000080000804 (0xfec6ebe3) bltu    a3, a2, pc - 10
core   0: 3 0x0000000080000804 (0xfec6ebe3)
(spike) core   0: 0x00000000800007fa (0x00170693) addi    a3, a4, 1
core   0: 3 0x00000000800007fa (0x00170693) x13 0x0000000080140062
(spike) core   0: 0x00000000800007fe (0x00070023) sb      zero, 0(a4)
core   0: 3 0x00000000800007fe (0x00070023) mem 0x0000000080140061 0x00
(spike) core   0: 0x0000000080000802 (0x00008736) c.mv    a4, a3
core   0: 3 0x0000000080000802 (0x8736) x14 0x0000000080140062
(spike) core   0: 0x0000000080000804 (0xfec6ebe3) bltu    a3, a2, pc - 10
core   0: 3 0x0000000080000804 (0xfec6ebe3)
(spike) core   0: 0x00000000800007fa (0x00170693) addi    a3, a4, 1
core   0: 3 0x00000000800007fa (0x00170693) x13 0x0000000080140063
(spike) core   0: 0x00000000800007fe (0x00070023) sb      zero, 0(a4)
core   0: 3 0x00000000800007fe (0x00070023) mem 0x0000000080140062 0x00
(spike) core   0: 0x0000000080000802 (0x00008736) c.mv    a4, a3
core   0: 3 0x0000000080000802 (0x8736) x14 0x0000000080140063
(spike) core   0: 0x0000000080000804 (0xfec6ebe3) bltu    a3, a2, pc - 10
core   0: 3 0x0000000080000804 (0xfec6ebe3)
(spike) core   0: 0x00000000800007fa (0x00170693) addi    a3, a4, 1
core   0: 3 0x00000000800007fa (0x00170693) x13 0x0000000080140064
(spike) core   0: 0x00000000800007fe (0x00070023) sb      zero, 0(a4)
core   0: 3 0x00000000800007fe (0x00070023) mem 0x0000000080140063 0x00
(spike) core   0: 0x0000000080000802 (0x00008736) c.mv    a4, a3
core   0: 3 0x0000000080000802 (0x8736) x14 0x0000000080140064
(spike) core   0: 0x0000000080000804 (0xfec6ebe3) bltu    a3, a2, pc - 10
core   0: 3 0x0000000080000804 (0xfec6ebe3)
(spike) core   0: 0x00000000800007fa (0x00170693) addi    a3, a4, 1
core   0: 3 0x00000000800007fa (0x00170693) x13 0x0000000080140065
(spike) core   0: 0x00000000800007fe (0x00070023) sb      zero, 0(a4)
core   0: 3 0x00000000800007fe (0x00070023) mem 0x0000000080140064 0x00
(spike) core   0: 0x0000000080000802 (0x00008736) c.mv    a4, a3
core   0: 3 0x0000000080000802 (0x8736) x14 0x0000000080140065
(spike) core   0: 0x0000000080000804 (0xfec6ebe3) bltu    a3, a2, pc - 10
core   0: 3 0x0000000080000804 (0xfec6ebe3)
(spike) core   0: 0x00000000800007fa (0x00170693) addi    a3, a4, 1
core   0: 3 0x00000000800007fa (0x00170693) x13 0x0000000080140066
(spike) core   0: 0x00000000800007fe (0x00070023) sb      zero, 0(a4)
core   0: 3 0x00000000800007fe (0x00070023) mem 0x0000000080140065 0x00
(spike) core   0: 0x0000000080000802 (0x00008736) c.mv    a4, a3
core   0: 3 0x0000000080000802 (0x8736) x14 0x0000000080140066
(spike) core   0: 0x0000000080000804 (0xfec6ebe3) bltu    a3, a2, pc - 10
core   0: 3 0x0000000080000804 (0xfec6ebe3)
(spike) core   0: 0x00000000800007fa (0x00170693) addi    a3, a4, 1
core   0: 3 0x00000000800007fa (0x00170693) x13 0x0000000080140067
(spike) core   0: 0x00000000800007fe (0x00070023) sb      zero, 0(a4)
core   0: 3 0x00000000800007fe (0x00070023) mem 0x0000000080140066 0x00
(spike) core   0: 0x0000000080000802 (0x00008736) c.mv    a4, a3
core   0: 3 0x0000000080000802 (0x8736) x14 0x0000000080140067
(spike) core   0: 0x0000000080000804 (0xfec6ebe3) bltu    a3, a2, pc - 10
core   0: 3 0x0000000080000804 (0xfec6ebe3)
(spike) core   0: 0x00000000800007fa (0x00170693) addi    a3, a4, 1
core   0: 3 0x00000000800007fa (0x00170693) x13 0x0000000080140068
(spike) core   0: 0x00000000800007fe (0x00070023) sb      zero, 0(a4)
core   0: 3 0x00000000800007fe (0x00070023) mem 0x0000000080140067 0x00
(spike) core   0: 0x0000000080000802 (0x00008736) c.mv    a4, a3
core   0: 3 0x0000000080000802 (0x8736) x14 0x0000000080140068
(spike) core   0: 0x0000000080000804 (0xfec6ebe3) bltu    a3, a2, pc - 10
core   0: 3 0x0000000080000804 (0xfec6ebe3)
(spike) core   0: 0x00000000800007fa (0x00170693) addi    a3, a4, 1
core   0: 3 0x00000000800007fa (0x00170693) x13 0x0000000080140069
(spike) core   0: 0x00000000800007fe (0x00070023) sb      zero, 0(a4)
core   0: 3 0x00000000800007fe (0x00070023) mem 0x0000000080140068 0x00
(spike) core   0: 0x0000000080000802 (0x00008736) c.mv    a4, a3
core   0: 3 0x0000000080000802 (0x8736) x14 0x0000000080140069
(spike) core   0: 0x0000000080000804 (0xfec6ebe3) bltu    a3, a2, pc - 10
core   0: 3 0x0000000080000804 (0xfec6ebe3)
(spike) core   0: 0x00000000800007fa (0x00170693) addi    a3, a4, 1
core   0: 3 0x00000000800007fa (0x00170693) x13 0x000000008014006a
(spike) core   0: 0x00000000800007fe (0x00070023) sb      zero, 0(a4)
core   0: 3 0x00000000800007fe (0x00070023) mem 0x0000000080140069 0x00
(spike) core   0: 0x0000000080000802 (0x00008736) c.mv    a4, a3
core   0: 3 0x0000000080000802 (0x8736) x14 0x000000008014006a
(spike) core   0: 0x0000000080000804 (0xfec6ebe3) bltu    a3, a2, pc - 10
core   0: 3 0x0000000080000804 (0xfec6ebe3)
(spike) core   0: 0x00000000800007fa (0x00170693) addi    a3, a4, 1
core   0: 3 0x00000000800007fa (0x00170693) x13 0x000000008014006b
(spike) core   0: 0x00000000800007fe (0x00070023) sb      zero, 0(a4)
core   0: 3 0x00000000800007fe (0x00070023) mem 0x000000008014006a 0x00
(spike) core   0: 0x0000000080000802 (0x00008736) c.mv    a4, a3
core   0: 3 0x0000000080000802 (0x8736) x14 0x000000008014006b
(spike) core   0: 0x0000000080000804 (0xfec6ebe3) bltu    a3, a2, pc - 10
core   0: 3 0x0000000080000804 (0xfec6ebe3)
(spike) core   0: 0x00000000800007fa (0x00170693) addi    a3, a4, 1
core   0: 3 0x00000000800007fa (0x00170693) x13 0x000000008014006c
(spike) core   0: 0x00000000800007fe (0x00070023) sb      zero, 0(a4)
core   0: 3 0x00000000800007fe (0x00070023) mem 0x000000008014006b 0x00
(spike) core   0: 0x0000000080000802 (0x00008736) c.mv    a4, a3
core   0: 3 0x0000000080000802 (0x8736) x14 0x000000008014006c
(spike) core   0: 0x0000000080000804 (0xfec6ebe3) bltu    a3, a2, pc - 10
core   0: 3 0x0000000080000804 (0xfec6ebe3)
(spike) core   0: 0x00000000800007fa (0x00170693) addi    a3, a4, 1
core   0: 3 0x00000000800007fa (0x00170693) x13 0x000000008014006d
(spike) core   0: 0x00000000800007fe (0x00070023) sb      zero, 0(a4)
core   0: 3 0x00000000800007fe (0x00070023) mem 0x000000008014006c 0x00
(spike) core   0: 0x0000000080000802 (0x00008736) c.mv    a4, a3
core   0: 3 0x0000000080000802 (0x8736) x14 0x000000008014006d
(spike) core   0: 0x0000000080000804 (0xfec6ebe3) bltu    a3, a2, pc - 10
core   0: 3 0x0000000080000804 (0xfec6ebe3)
(spike) core   0: 0x00000000800007fa (0x00170693) addi    a3, a4, 1
core   0: 3 0x00000000800007fa (0x00170693) x13 0x000000008014006e
(spike) core   0: 0x00000000800007fe (0x00070023) sb      zero, 0(a4)
core   0: 3 0x00000000800007fe (0x00070023) mem 0x000000008014006d 0x00
(spike) core   0: 0x0000000080000802 (0x00008736) c.mv    a4, a3
core   0: 3 0x0000000080000802 (0x8736) x14 0x000000008014006e
(spike) core   0: 0x0000000080000804 (0xfec6ebe3) bltu    a3, a2, pc - 10
core   0: 3 0x0000000080000804 (0xfec6ebe3)
(spike) core   0: 0x00000000800007fa (0x00170693) addi    a3, a4, 1
core   0: 3 0x00000000800007fa (0x00170693) x13 0x000000008014006f
(spike) core   0: 0x00000000800007fe (0x00070023) sb      zero, 0(a4)
core   0: 3 0x00000000800007fe (0x00070023) mem 0x000000008014006e 0x00
(spike) core   0: 0x0000000080000802 (0x00008736) c.mv    a4, a3
core   0: 3 0x0000000080000802 (0x8736) x14 0x000000008014006f
(spike) core   0: 0x0000000080000804 (0xfec6ebe3) bltu    a3, a2, pc - 10
core   0: 3 0x0000000080000804 (0xfec6ebe3)
(spike) core   0: 0x00000000800007fa (0x00170693) addi    a3, a4, 1
core   0: 3 0x00000000800007fa (0x00170693) x13 0x0000000080140070
(spike) core   0: 0x00000000800007fe (0x00070023) sb      zero, 0(a4)
core   0: 3 0x00000000800007fe (0x00070023) mem 0x000000008014006f 0x00
(spike) core   0: 0x0000000080000802 (0x00008736) c.mv    a4, a3
core   0: 3 0x0000000080000802 (0x8736) x14 0x0000000080140070
(spike) core   0: 0x0000000080000804 (0xfec6ebe3) bltu    a3, a2, pc - 10
core   0: 3 0x0000000080000804 (0xfec6ebe3)
(spike) core   0: 0x00000000800007fa (0x00170693) addi    a3, a4, 1
core   0: 3 0x00000000800007fa (0x00170693) x13 0x0000000080140071
(spike) core   0: 0x00000000800007fe (0x00070023) sb      zero, 0(a4)
core   0: 3 0x00000000800007fe (0x00070023) mem 0x0000000080140070 0x00
(spike) core   0: 0x0000000080000802 (0x00008736) c.mv    a4, a3
core   0: 3 0x0000000080000802 (0x8736) x14 0x0000000080140071
(spike) core   0: 0x0000000080000804 (0xfec6ebe3) bltu    a3, a2, pc - 10
core   0: 3 0x0000000080000804 (0xfec6ebe3)
(spike) core   0: 0x00000000800007fa (0x00170693) addi    a3, a4, 1
core   0: 3 0x00000000800007fa (0x00170693) x13 0x0000000080140072
(spike) core   0: 0x00000000800007fe (0x00070023) sb      zero, 0(a4)
core   0: 3 0x00000000800007fe (0x00070023) mem 0x0000000080140071 0x00
(spike) core   0: 0x0000000080000802 (0x00008736) c.mv    a4, a3
core   0: 3 0x0000000080000802 (0x8736) x14 0x0000000080140072
(spike) core   0: 0x0000000080000804 (0xfec6ebe3) bltu    a3, a2, pc - 10
core   0: 3 0x0000000080000804 (0xfec6ebe3)
(spike) core   0: 0x00000000800007fa (0x00170693) addi    a3, a4, 1
core   0: 3 0x00000000800007fa (0x00170693) x13 0x0000000080140073
(spike) core   0: 0x00000000800007fe (0x00070023) sb      zero, 0(a4)
core   0: 3 0x00000000800007fe (0x00070023) mem 0x0000000080140072 0x00
(spike) core   0: 0x0000000080000802 (0x00008736) c.mv    a4, a3
core   0: 3 0x0000000080000802 (0x8736) x14 0x0000000080140073
(spike) core   0: 0x0000000080000804 (0xfec6ebe3) bltu    a3, a2, pc - 10
core   0: 3 0x0000000080000804 (0xfec6ebe3)
(spike) core   0: 0x00000000800007fa (0x00170693) addi    a3, a4, 1
core   0: 3 0x00000000800007fa (0x00170693) x13 0x0000000080140074
(spike) core   0: 0x00000000800007fe (0x00070023) sb      zero, 0(a4)
core   0: 3 0x00000000800007fe (0x00070023) mem 0x0000000080140073 0x00
(spike) core   0: 0x0000000080000802 (0x00008736) c.mv    a4, a3
core   0: 3 0x0000000080000802 (0x8736) x14 0x0000000080140074
(spike) core   0: 0x0000000080000804 (0xfec6ebe3) bltu    a3, a2, pc - 10
core   0: 3 0x0000000080000804 (0xfec6ebe3)
(spike) core   0: 0x00000000800007fa (0x00170693) addi    a3, a4, 1
core   0: 3 0x00000000800007fa (0x00170693) x13 0x0000000080140075
(spike) core   0: 0x00000000800007fe (0x00070023) sb      zero, 0(a4)
core   0: 3 0x00000000800007fe (0x00070023) mem 0x0000000080140074 0x00
(spike) core   0: 0x0000000080000802 (0x00008736) c.mv    a4, a3
core   0: 3 0x0000000080000802 (0x8736) x14 0x0000000080140075
(spike) core   0: 0x0000000080000804 (0xfec6ebe3) bltu    a3, a2, pc - 10
core   0: 3 0x0000000080000804 (0xfec6ebe3)
(spike) core   0: 0x00000000800007fa (0x00170693) addi    a3, a4, 1
core   0: 3 0x00000000800007fa (0x00170693) x13 0x0000000080140076
(spike) core   0: 0x00000000800007fe (0x00070023) sb      zero, 0(a4)
core   0: 3 0x00000000800007fe (0x00070023) mem 0x0000000080140075 0x00
(spike) core   0: 0x0000000080000802 (0x00008736) c.mv    a4, a3
core   0: 3 0x0000000080000802 (0x8736) x14 0x0000000080140076
(spike) core   0: 0x0000000080000804 (0xfec6ebe3) bltu    a3, a2, pc - 10
core   0: 3 0x0000000080000804 (0xfec6ebe3)
(spike) core   0: 0x00000000800007fa (0x00170693) addi    a3, a4, 1
core   0: 3 0x00000000800007fa (0x00170693) x13 0x0000000080140077
(spike) core   0: 0x00000000800007fe (0x00070023) sb      zero, 0(a4)
core   0: 3 0x00000000800007fe (0x00070023) mem 0x0000000080140076 0x00
(spike) core   0: 0x0000000080000802 (0x00008736) c.mv    a4, a3
core   0: 3 0x0000000080000802 (0x8736) x14 0x0000000080140077
(spike) core   0: 0x0000000080000804 (0xfec6ebe3) bltu    a3, a2, pc - 10
core   0: 3 0x0000000080000804 (0xfec6ebe3)
(spike) core   0: 0x00000000800007fa (0x00170693) addi    a3, a4, 1
core   0: 3 0x00000000800007fa (0x00170693) x13 0x0000000080140078
(spike) core   0: 0x00000000800007fe (0x00070023) sb      zero, 0(a4)
core   0: 3 0x00000000800007fe (0x00070023) mem 0x0000000080140077 0x00
(spike) core   0: 0x0000000080000802 (0x00008736) c.mv    a4, a3
core   0: 3 0x0000000080000802 (0x8736) x14 0x0000000080140078
(spike) core   0: 0x0000000080000804 (0xfec6ebe3) bltu    a3, a2, pc - 10
core   0: 3 0x0000000080000804 (0xfec6ebe3)
(spike) core   0: 0x00000000800007fa (0x00170693) addi    a3, a4, 1
core   0: 3 0x00000000800007fa (0x00170693) x13 0x0000000080140079
(spike) core   0: 0x00000000800007fe (0x00070023) sb      zero, 0(a4)
core   0: 3 0x00000000800007fe (0x00070023) mem 0x0000000080140078 0x00
(spike) core   0: 0x0000000080000802 (0x00008736) c.mv    a4, a3
core   0: 3 0x0000000080000802 (0x8736) x14 0x0000000080140079
(spike) core   0: 0x0000000080000804 (0xfec6ebe3) bltu    a3, a2, pc - 10
core   0: 3 0x0000000080000804 (0xfec6ebe3)
(spike) core   0: 0x00000000800007fa (0x00170693) addi    a3, a4, 1
core   0: 3 0x00000000800007fa (0x00170693) x13 0x000000008014007a
(spike) core   0: 0x00000000800007fe (0x00070023) sb      zero, 0(a4)
core   0: 3 0x00000000800007fe (0x00070023) mem 0x0000000080140079 0x00
(spike) core   0: 0x0000000080000802 (0x00008736) c.mv    a4, a3
core   0: 3 0x0000000080000802 (0x8736) x14 0x000000008014007a
(spike) core   0: 0x0000000080000804 (0xfec6ebe3) bltu    a3, a2, pc - 10
core   0: 3 0x0000000080000804 (0xfec6ebe3)
(spike) core   0: 0x00000000800007fa (0x00170693) addi    a3, a4, 1
core   0: 3 0x00000000800007fa (0x00170693) x13 0x000000008014007b
(spike) core   0: 0x00000000800007fe (0x00070023) sb      zero, 0(a4)
core   0: 3 0x00000000800007fe (0x00070023) mem 0x000000008014007a 0x00
(spike) core   0: 0x0000000080000802 (0x00008736) c.mv    a4, a3
core   0: 3 0x0000000080000802 (0x8736) x14 0x000000008014007b
(spike) core   0: 0x0000000080000804 (0xfec6ebe3) bltu    a3, a2, pc - 10
core   0: 3 0x0000000080000804 (0xfec6ebe3)
(spike) core   0: 0x00000000800007fa (0x00170693) addi    a3, a4, 1
core   0: 3 0x00000000800007fa (0x00170693) x13 0x000000008014007c
(spike) core   0: 0x00000000800007fe (0x00070023) sb      zero, 0(a4)
core   0: 3 0x00000000800007fe (0x00070023) mem 0x000000008014007b 0x00
(spike) core   0: 0x0000000080000802 (0x00008736) c.mv    a4, a3
core   0: 3 0x0000000080000802 (0x8736) x14 0x000000008014007c
(spike) core   0: 0x0000000080000804 (0xfec6ebe3) bltu    a3, a2, pc - 10
core   0: 3 0x0000000080000804 (0xfec6ebe3)
(spike) core   0: 0x0000000080000808 (0x0000a819) c.j     pc + 22
core   0: 3 0x0000000080000808 (0xa819)
(spike) core   0: 0x000000008000081e (0x00000097) auipc   ra, 0x0
core   0: 3 0x000000008000081e (0x00000097) x1  0x000000008000081e
(spike) core   0: 0x0000000080000822 (0xef0080e7) jalr    ra, ra, -272
core   0: 3 0x0000000080000822 (0xef0080e7) x1  0x0000000080000826
(spike) core   0: >>>>  thread_entry
core   0: 0x000000008000070e (0x0000c111) c.beqz  a0, pc + 4
core   0: 3 0x000000008000070e (0xc111)
(spike) core   0: 0x0000000080000712 (0x00008082) ret
core   0: 3 0x0000000080000712 (0x8082)
(spike) core   0: 0x0000000080000826 (0x00004501) c.li    a0, 0
core   0: 3 0x0000000080000826 (0x4501) x10 0x0000000000000000
(spike) core   0: 0x0000000080000828 (0x00004581) c.li    a1, 0
core   0: 3 0x0000000080000828 (0x4581) x11 0x0000000000000000
(spike) core   0: 0x000000008000082a (0x00000097) auipc   ra, 0x0
core   0: 3 0x000000008000082a (0x00000097) x1  0x000000008000082a
(spike) core   0: 0x000000008000082e (0x9d8080e7) jalr    ra, ra, -1576
core   0: 3 0x000000008000082e (0x9d8080e7) x1  0x0000000080000832
(spike) core   0: >>>>  main
core   0: 0x0000000080000202 (0x00004501) c.li    a0, 0
core   0: 3 0x0000000080000202 (0x4501) x10 0x0000000000000000
(spike) core   0: 0x0000000080000204 (0x00008082) ret
core   0: 3 0x0000000080000204 (0x8082)
(spike) core   0: 0x0000000080000832 (0x00000073) ecall
core   0: exception trap_machine_ecall, epc 0x0000000080000832
(spike) core   0: >>>>  trap_entry
core   0: 0x0000000080000128 (0x0000716d) c.addi16sp sp, -272
core   0: 3 0x0000000080000128 (0x716d) x2  0x000000008015fee0
(spike) core   0: 0x000000008000012a (0x34202f73) csrr    t5, mcause
core   0: 3 0x000000008000012a (0x34202f73) x30 0x000000000000000b
(spike) core   0: 0x000000008000012e (0x00004fad) c.li    t6, 11
core   0: 3 0x000000008000012e (0x4fad) x31 0x000000000000000b
(spike) core   0: 0x0000000080000130 (0x03ff1b63) bne     t5, t6, pc + 54
core   0: 3 0x0000000080000130 (0x03ff1b63)
(spike) core   0: 0x0000000080000134 (0xf12023f3) csrr    t2, marchid
core   0: 3 0x0000000080000134 (0xf12023f3) x7  0x0000000000000005
(spike) core   0: 0x0000000080000138 (0x00004e15) c.li    t3, 5
core   0: 3 0x0000000080000138 (0x4e15) x28 0x0000000000000005
(spike) core   0: 0x000000008000013a (0x03c38463) beq     t2, t3, pc + 40
core   0: 3 0x000000008000013a (0x03c38463)
(spike) core   0: 0x0000000080000162 (0x4fc0006f) j       pc + 0x4fc
core   0: 3 0x0000000080000162 (0x4fc0006f)
(spike) core   0: >>>>  tohost_exit
core   0: 0x000000008000065e (0x00000506) c.slli  a0, 1
core   0: 3 0x000000008000065e (0x0506) x10 0x0000000000000000
(spike) core   0: 0x0000000080000660 (0x00000505) c.addi  a0, 1
core   0: 3 0x0000000080000660 (0x0505) x10 0x0000000000000001
(spike) core   0: 0x0000000080000662 (0x00001597) auipc   a1, 0x1
core   0: 3 0x0000000080000662 (0x00001597) x11 0x0000000080001662
(spike) core   0: 0x0000000080000666 (0x44a5bf23) sd      a0, 1118(a1)
core   0: 3 0x0000000080000666 (0x44a5bf23) mem 0x0000000080001ac0 0x0000000000000001
